{"/Users/zhongjiafeng/Desktop/5000_Project/ai-project/db-modeler/db-modeler-react/src/services/storage.ts": {"path":"/Users/zhongjiafeng/Desktop/5000_Project/ai-project/db-modeler/db-modeler-react/src/services/storage.ts","statementMap":{"0":{"start":{"line":3,"column":20},"end":{"line":3,"column":41}},"1":{"start":{"line":4,"column":26},"end":{"line":4,"column":52}},"2":{"start":{"line":5,"column":28},"end":{"line":5,"column":56}},"3":{"start":{"line":6,"column":32},"end":{"line":6,"column":64}},"4":{"start":{"line":9,"column":14},"end":{"line":17,"column":1}},"5":{"start":{"line":10,"column":2},"end":{"line":10,"column":33}},"6":{"start":{"line":10,"column":13},"end":{"line":10,"column":33}},"7":{"start":{"line":11,"column":2},"end":{"line":16,"column":3}},"8":{"start":{"line":12,"column":4},"end":{"line":12,"column":28}},"9":{"start":{"line":14,"column":4},"end":{"line":14,"column":40}},"10":{"start":{"line":15,"column":4},"end":{"line":15,"column":24}},"11":{"start":{"line":20,"column":32},"end":{"line":22,"column":1}},"12":{"start":{"line":21,"column":2},"end":{"line":21,"column":60}},"13":{"start":{"line":20,"column":13},"end":{"line":20,"column":32}},"14":{"start":{"line":25,"column":34},"end":{"line":29,"column":1}},"15":{"start":{"line":26,"column":17},"end":{"line":26,"column":35}},"16":{"start":{"line":27,"column":2},"end":{"line":27,"column":21}},"17":{"start":{"line":28,"column":2},"end":{"line":28,"column":66}},"18":{"start":{"line":25,"column":13},"end":{"line":25,"column":34}},"19":{"start":{"line":32,"column":38},"end":{"line":36,"column":1}},"20":{"start":{"line":33,"column":17},"end":{"line":33,"column":35}},"21":{"start":{"line":34,"column":24},"end":{"line":34,"column":68}},"22":{"start":{"line":34,"column":47},"end":{"line":34,"column":67}},"23":{"start":{"line":35,"column":2},"end":{"line":35,"column":73}},"24":{"start":{"line":32,"column":13},"end":{"line":32,"column":38}},"25":{"start":{"line":39,"column":28},"end":{"line":41,"column":1}},"26":{"start":{"line":40,"column":2},"end":{"line":40,"column":54}},"27":{"start":{"line":39,"column":13},"end":{"line":39,"column":28}},"28":{"start":{"line":44,"column":28},"end":{"line":61,"column":1}},"29":{"start":{"line":45,"column":2},"end":{"line":60,"column":3}},"30":{"start":{"line":47,"column":27},"end":{"line":55,"column":7}},"31":{"start":{"line":47,"column":52},"end":{"line":55,"column":6}},"32":{"start":{"line":49,"column":43},"end":{"line":53,"column":8}},"33":{"start":{"line":57,"column":4},"end":{"line":57,"column":80}},"34":{"start":{"line":59,"column":4},"end":{"line":59,"column":36}},"35":{"start":{"line":44,"column":13},"end":{"line":44,"column":28}},"36":{"start":{"line":63,"column":29},"end":{"line":72,"column":1}},"37":{"start":{"line":64,"column":18},"end":{"line":64,"column":50}},"38":{"start":{"line":65,"column":18},"end":{"line":65,"column":86}},"39":{"start":{"line":66,"column":32},"end":{"line":66,"column":89}},"40":{"start":{"line":68,"column":22},"end":{"line":68,"column":49}},"41":{"start":{"line":69,"column":2},"end":{"line":69,"column":44}},"42":{"start":{"line":70,"column":2},"end":{"line":70,"column":62}},"43":{"start":{"line":71,"column":2},"end":{"line":71,"column":22}},"44":{"start":{"line":63,"column":13},"end":{"line":63,"column":29}},"45":{"start":{"line":74,"column":29},"end":{"line":94,"column":1}},"46":{"start":{"line":75,"column":2},"end":{"line":93,"column":5}},"47":{"start":{"line":76,"column":19},"end":{"line":76,"column":35}},"48":{"start":{"line":77,"column":4},"end":{"line":91,"column":6}},"49":{"start":{"line":78,"column":6},"end":{"line":90,"column":7}},"50":{"start":{"line":79,"column":24},"end":{"line":79,"column":62}},"51":{"start":{"line":80,"column":8},"end":{"line":82,"column":9}},"52":{"start":{"line":81,"column":10},"end":{"line":81,"column":39}},"53":{"start":{"line":83,"column":8},"end":{"line":83,"column":25}},"54":{"start":{"line":85,"column":8},"end":{"line":89,"column":9}},"55":{"start":{"line":86,"column":10},"end":{"line":86,"column":24}},"56":{"start":{"line":88,"column":10},"end":{"line":88,"column":41}},"57":{"start":{"line":92,"column":4},"end":{"line":92,"column":28}},"58":{"start":{"line":74,"column":13},"end":{"line":74,"column":29}},"59":{"start":{"line":97,"column":34},"end":{"line":99,"column":1}},"60":{"start":{"line":98,"column":2},"end":{"line":98,"column":62}},"61":{"start":{"line":97,"column":13},"end":{"line":97,"column":34}},"62":{"start":{"line":102,"column":34},"end":{"line":104,"column":1}},"63":{"start":{"line":103,"column":2},"end":{"line":103,"column":71}},"64":{"start":{"line":102,"column":13},"end":{"line":102,"column":34}},"65":{"start":{"line":107,"column":32},"end":{"line":111,"column":1}},"66":{"start":{"line":108,"column":20},"end":{"line":108,"column":40}},"67":{"start":{"line":109,"column":2},"end":{"line":109,"column":27}},"68":{"start":{"line":110,"column":2},"end":{"line":110,"column":32}},"69":{"start":{"line":107,"column":13},"end":{"line":107,"column":32}},"70":{"start":{"line":114,"column":35},"end":{"line":121,"column":1}},"71":{"start":{"line":115,"column":20},"end":{"line":115,"column":40}},"72":{"start":{"line":116,"column":16},"end":{"line":116,"column":53}},"73":{"start":{"line":116,"column":41},"end":{"line":116,"column":52}},"74":{"start":{"line":117,"column":2},"end":{"line":120,"column":3}},"75":{"start":{"line":118,"column":4},"end":{"line":118,"column":56}},"76":{"start":{"line":119,"column":4},"end":{"line":119,"column":34}},"77":{"start":{"line":114,"column":13},"end":{"line":114,"column":35}},"78":{"start":{"line":124,"column":35},"end":{"line":128,"column":1}},"79":{"start":{"line":125,"column":20},"end":{"line":125,"column":40}},"80":{"start":{"line":126,"column":27},"end":{"line":126,"column":61}},"81":{"start":{"line":126,"column":49},"end":{"line":126,"column":60}},"82":{"start":{"line":127,"column":2},"end":{"line":127,"column":39}},"83":{"start":{"line":124,"column":13},"end":{"line":124,"column":35}},"84":{"start":{"line":131,"column":38},"end":{"line":146,"column":1}},"85":{"start":{"line":132,"column":2},"end":{"line":145,"column":5}},"86":{"start":{"line":131,"column":13},"end":{"line":131,"column":38}},"87":{"start":{"line":149,"column":38},"end":{"line":151,"column":1}},"88":{"start":{"line":150,"column":2},"end":{"line":150,"column":76}},"89":{"start":{"line":149,"column":13},"end":{"line":149,"column":38}},"90":{"start":{"line":154,"column":35},"end":{"line":158,"column":1}},"91":{"start":{"line":155,"column":21},"end":{"line":155,"column":45}},"92":{"start":{"line":156,"column":2},"end":{"line":156,"column":28}},"93":{"start":{"line":157,"column":2},"end":{"line":157,"column":37}},"94":{"start":{"line":154,"column":13},"end":{"line":154,"column":35}},"95":{"start":{"line":161,"column":38},"end":{"line":168,"column":1}},"96":{"start":{"line":162,"column":21},"end":{"line":162,"column":45}},"97":{"start":{"line":163,"column":16},"end":{"line":163,"column":54}},"98":{"start":{"line":163,"column":42},"end":{"line":163,"column":53}},"99":{"start":{"line":164,"column":2},"end":{"line":167,"column":3}},"100":{"start":{"line":165,"column":4},"end":{"line":165,"column":58}},"101":{"start":{"line":166,"column":4},"end":{"line":166,"column":39}},"102":{"start":{"line":161,"column":13},"end":{"line":161,"column":38}},"103":{"start":{"line":171,"column":38},"end":{"line":175,"column":1}},"104":{"start":{"line":172,"column":21},"end":{"line":172,"column":45}},"105":{"start":{"line":173,"column":28},"end":{"line":173,"column":63}},"106":{"start":{"line":173,"column":51},"end":{"line":173,"column":62}},"107":{"start":{"line":174,"column":2},"end":{"line":174,"column":44}},"108":{"start":{"line":171,"column":13},"end":{"line":171,"column":38}}},"fnMap":{"0":{"name":"(anonymous_0)","decl":{"start":{"line":9,"column":14},"end":{"line":9,"column":18}},"loc":{"start":{"line":9,"column":61},"end":{"line":17,"column":1}}},"1":{"name":"(anonymous_1)","decl":{"start":{"line":20,"column":32},"end":{"line":20,"column":44}},"loc":{"start":{"line":20,"column":46},"end":{"line":22,"column":1}}},"2":{"name":"(anonymous_2)","decl":{"start":{"line":25,"column":34},"end":{"line":25,"column":35}},"loc":{"start":{"line":25,"column":51},"end":{"line":29,"column":1}}},"3":{"name":"(anonymous_3)","decl":{"start":{"line":32,"column":38},"end":{"line":32,"column":39}},"loc":{"start":{"line":32,"column":58},"end":{"line":36,"column":1}}},"4":{"name":"(anonymous_4)","decl":{"start":{"line":34,"column":38},"end":{"line":34,"column":43}},"loc":{"start":{"line":34,"column":47},"end":{"line":34,"column":67}}},"5":{"name":"(anonymous_5)","decl":{"start":{"line":39,"column":28},"end":{"line":39,"column":42}},"loc":{"start":{"line":39,"column":44},"end":{"line":41,"column":1}}},"6":{"name":"(anonymous_6)","decl":{"start":{"line":44,"column":28},"end":{"line":44,"column":29}},"loc":{"start":{"line":44,"column":52},"end":{"line":61,"column":1}}},"7":{"name":"(anonymous_7)","decl":{"start":{"line":47,"column":40},"end":{"line":47,"column":47}},"loc":{"start":{"line":47,"column":52},"end":{"line":55,"column":6}}},"8":{"name":"(anonymous_8)","decl":{"start":{"line":49,"column":33},"end":{"line":49,"column":38}},"loc":{"start":{"line":49,"column":43},"end":{"line":53,"column":8}}},"9":{"name":"(anonymous_9)","decl":{"start":{"line":63,"column":29},"end":{"line":63,"column":30}},"loc":{"start":{"line":63,"column":56},"end":{"line":72,"column":1}}},"10":{"name":"(anonymous_10)","decl":{"start":{"line":74,"column":29},"end":{"line":74,"column":34}},"loc":{"start":{"line":74,"column":68},"end":{"line":94,"column":1}}},"11":{"name":"(anonymous_11)","decl":{"start":{"line":75,"column":21},"end":{"line":75,"column":22}},"loc":{"start":{"line":75,"column":41},"end":{"line":93,"column":3}}},"12":{"name":"(anonymous_12)","decl":{"start":{"line":77,"column":20},"end":{"line":77,"column":21}},"loc":{"start":{"line":77,"column":26},"end":{"line":91,"column":5}}},"13":{"name":"(anonymous_13)","decl":{"start":{"line":97,"column":34},"end":{"line":97,"column":54}},"loc":{"start":{"line":97,"column":56},"end":{"line":99,"column":1}}},"14":{"name":"(anonymous_14)","decl":{"start":{"line":102,"column":34},"end":{"line":102,"column":35}},"loc":{"start":{"line":102,"column":65},"end":{"line":104,"column":1}}},"15":{"name":"(anonymous_15)","decl":{"start":{"line":107,"column":32},"end":{"line":107,"column":33}},"loc":{"start":{"line":107,"column":60},"end":{"line":111,"column":1}}},"16":{"name":"(anonymous_16)","decl":{"start":{"line":114,"column":35},"end":{"line":114,"column":36}},"loc":{"start":{"line":114,"column":80},"end":{"line":121,"column":1}}},"17":{"name":"(anonymous_17)","decl":{"start":{"line":116,"column":36},"end":{"line":116,"column":37}},"loc":{"start":{"line":116,"column":41},"end":{"line":116,"column":52}}},"18":{"name":"(anonymous_18)","decl":{"start":{"line":124,"column":35},"end":{"line":124,"column":36}},"loc":{"start":{"line":124,"column":50},"end":{"line":128,"column":1}}},"19":{"name":"(anonymous_19)","decl":{"start":{"line":126,"column":44},"end":{"line":126,"column":45}},"loc":{"start":{"line":126,"column":49},"end":{"line":126,"column":60}}},"20":{"name":"(anonymous_20)","decl":{"start":{"line":131,"column":38},"end":{"line":131,"column":66}},"loc":{"start":{"line":131,"column":68},"end":{"line":146,"column":1}}},"21":{"name":"(anonymous_21)","decl":{"start":{"line":149,"column":38},"end":{"line":149,"column":39}},"loc":{"start":{"line":149,"column":78},"end":{"line":151,"column":1}}},"22":{"name":"(anonymous_22)","decl":{"start":{"line":154,"column":35},"end":{"line":154,"column":36}},"loc":{"start":{"line":154,"column":71},"end":{"line":158,"column":1}}},"23":{"name":"(anonymous_23)","decl":{"start":{"line":161,"column":38},"end":{"line":161,"column":39}},"loc":{"start":{"line":161,"column":91},"end":{"line":168,"column":1}}},"24":{"name":"(anonymous_24)","decl":{"start":{"line":163,"column":37},"end":{"line":163,"column":38}},"loc":{"start":{"line":163,"column":42},"end":{"line":163,"column":53}}},"25":{"name":"(anonymous_25)","decl":{"start":{"line":171,"column":38},"end":{"line":171,"column":39}},"loc":{"start":{"line":171,"column":53},"end":{"line":175,"column":1}}},"26":{"name":"(anonymous_26)","decl":{"start":{"line":173,"column":46},"end":{"line":173,"column":47}},"loc":{"start":{"line":173,"column":51},"end":{"line":173,"column":62}}}},"branchMap":{"0":{"loc":{"start":{"line":10,"column":2},"end":{"line":10,"column":33}},"type":"if","locations":[{"start":{"line":10,"column":2},"end":{"line":10,"column":33}}]},"1":{"loc":{"start":{"line":52,"column":19},"end":{"line":52,"column":62}},"type":"binary-expr","locations":[{"start":{"line":52,"column":19},"end":{"line":52,"column":34}},{"start":{"line":52,"column":38},"end":{"line":52,"column":62}}]},"2":{"loc":{"start":{"line":54,"column":17},"end":{"line":54,"column":62}},"type":"binary-expr","locations":[{"start":{"line":54,"column":17},"end":{"line":54,"column":34}},{"start":{"line":54,"column":38},"end":{"line":54,"column":62}}]},"3":{"loc":{"start":{"line":80,"column":8},"end":{"line":82,"column":9}},"type":"if","locations":[{"start":{"line":80,"column":8},"end":{"line":82,"column":9}}]},"4":{"loc":{"start":{"line":80,"column":12},"end":{"line":80,"column":74}},"type":"binary-expr","locations":[{"start":{"line":80,"column":12},"end":{"line":80,"column":23}},{"start":{"line":80,"column":27},"end":{"line":80,"column":40}},{"start":{"line":80,"column":44},"end":{"line":80,"column":74}}]},"5":{"loc":{"start":{"line":85,"column":8},"end":{"line":89,"column":9}},"type":"if","locations":[{"start":{"line":85,"column":8},"end":{"line":89,"column":9}},{"start":{"line":87,"column":15},"end":{"line":89,"column":9}}]},"6":{"loc":{"start":{"line":85,"column":12},"end":{"line":85,"column":67}},"type":"binary-expr","locations":[{"start":{"line":85,"column":12},"end":{"line":85,"column":34}},{"start":{"line":85,"column":38},"end":{"line":85,"column":67}}]},"7":{"loc":{"start":{"line":117,"column":2},"end":{"line":120,"column":3}},"type":"if","locations":[{"start":{"line":117,"column":2},"end":{"line":120,"column":3}}]},"8":{"loc":{"start":{"line":164,"column":2},"end":{"line":167,"column":3}},"type":"if","locations":[{"start":{"line":164,"column":2},"end":{"line":167,"column":3}}]}},"s":{"0":1,"1":1,"2":1,"3":1,"4":1,"5":15,"6":4,"7":11,"8":11,"9":0,"10":0,"11":1,"12":5,"13":1,"14":1,"15":1,"16":1,"17":1,"18":1,"19":1,"20":2,"21":2,"22":2,"23":2,"24":1,"25":1,"26":2,"27":1,"28":1,"29":2,"30":2,"31":1,"32":1,"33":2,"34":0,"35":1,"36":1,"37":0,"38":0,"39":0,"40":0,"41":0,"42":0,"43":0,"44":1,"45":1,"46":0,"47":0,"48":0,"49":0,"50":0,"51":0,"52":0,"53":0,"54":0,"55":0,"56":0,"57":0,"58":1,"59":1,"60":4,"61":1,"62":1,"63":4,"64":1,"65":1,"66":1,"67":1,"68":1,"69":1,"70":1,"71":1,"72":1,"73":1,"74":1,"75":1,"76":1,"77":1,"78":1,"79":1,"80":1,"81":1,"82":1,"83":1,"84":1,"85":4,"86":1,"87":1,"88":4,"89":1,"90":1,"91":1,"92":1,"93":1,"94":1,"95":1,"96":1,"97":1,"98":1,"99":1,"100":1,"101":1,"102":1,"103":1,"104":1,"105":1,"106":1,"107":1,"108":1},"f":{"0":15,"1":5,"2":1,"3":2,"4":2,"5":2,"6":2,"7":1,"8":1,"9":0,"10":0,"11":0,"12":0,"13":4,"14":4,"15":1,"16":1,"17":1,"18":1,"19":1,"20":4,"21":4,"22":1,"23":1,"24":1,"25":1,"26":1},"b":{"0":[4],"1":[1,0],"2":[1,0],"3":[0],"4":[0,0,0],"5":[0,0],"6":[0,0],"7":[1],"8":[1]}}
,"/Users/zhongjiafeng/Desktop/5000_Project/ai-project/db-modeler/db-modeler-react/src/store/projectsSlice.ts": {"path":"/Users/zhongjiafeng/Desktop/5000_Project/ai-project/db-modeler/db-modeler-react/src/store/projectsSlice.ts","statementMap":{"0":{"start":{"line":1,"column":0},"end":{"line":1,"column":62}},"1":{"start":{"line":3,"column":0},"end":{"line":3,"column":51}},"2":{"start":{"line":4,"column":0},"end":{"line":4,"column":46}},"3":{"start":{"line":13,"column":36},"end":{"line":18,"column":2}},"4":{"start":{"line":20,"column":22},"end":{"line":147,"column":2}},"5":{"start":{"line":25,"column":6},"end":{"line":25,"column":23}},"6":{"start":{"line":26,"column":6},"end":{"line":26,"column":34}},"7":{"start":{"line":27,"column":6},"end":{"line":27,"column":28}},"8":{"start":{"line":28,"column":6},"end":{"line":28,"column":25}},"9":{"start":{"line":31,"column":6},"end":{"line":31,"column":39}},"10":{"start":{"line":34,"column":27},"end":{"line":34,"column":41}},"11":{"start":{"line":35,"column":22},"end":{"line":35,"column":56}},"12":{"start":{"line":35,"column":44},"end":{"line":35,"column":55}},"13":{"start":{"line":36,"column":6},"end":{"line":38,"column":7}},"14":{"start":{"line":37,"column":8},"end":{"line":37,"column":37}},"15":{"start":{"line":41,"column":17},"end":{"line":41,"column":31}},"16":{"start":{"line":42,"column":6},"end":{"line":42,"column":57}},"17":{"start":{"line":42,"column":44},"end":{"line":42,"column":55}},"18":{"start":{"line":43,"column":6},"end":{"line":45,"column":7}},"19":{"start":{"line":44,"column":8},"end":{"line":44,"column":36}},"20":{"start":{"line":48,"column":17},"end":{"line":48,"column":31}},"21":{"start":{"line":49,"column":6},"end":{"line":49,"column":72}},"22":{"start":{"line":49,"column":51},"end":{"line":49,"column":62}},"23":{"start":{"line":52,"column":35},"end":{"line":52,"column":49}},"24":{"start":{"line":53,"column":22},"end":{"line":53,"column":63}},"25":{"start":{"line":53,"column":44},"end":{"line":53,"column":62}},"26":{"start":{"line":54,"column":6},"end":{"line":56,"column":7}},"27":{"start":{"line":55,"column":8},"end":{"line":55,"column":35}},"28":{"start":{"line":59,"column":43},"end":{"line":59,"column":57}},"29":{"start":{"line":60,"column":22},"end":{"line":60,"column":63}},"30":{"start":{"line":60,"column":44},"end":{"line":60,"column":62}},"31":{"start":{"line":61,"column":6},"end":{"line":74,"column":7}},"32":{"start":{"line":62,"column":27},"end":{"line":62,"column":74}},"33":{"start":{"line":62,"column":57},"end":{"line":62,"column":73}},"34":{"start":{"line":63,"column":8},"end":{"line":73,"column":9}},"35":{"start":{"line":64,"column":10},"end":{"line":68,"column":12}},"36":{"start":{"line":70,"column":10},"end":{"line":72,"column":11}},"37":{"start":{"line":71,"column":12},"end":{"line":71,"column":50}},"38":{"start":{"line":77,"column":37},"end":{"line":77,"column":51}},"39":{"start":{"line":78,"column":22},"end":{"line":78,"column":63}},"40":{"start":{"line":78,"column":44},"end":{"line":78,"column":62}},"41":{"start":{"line":79,"column":6},"end":{"line":81,"column":7}},"42":{"start":{"line":80,"column":8},"end":{"line":80,"column":70}},"43":{"start":{"line":80,"column":52},"end":{"line":80,"column":68}},"44":{"start":{"line":84,"column":44},"end":{"line":84,"column":58}},"45":{"start":{"line":85,"column":22},"end":{"line":85,"column":63}},"46":{"start":{"line":85,"column":44},"end":{"line":85,"column":62}},"47":{"start":{"line":86,"column":6},"end":{"line":91,"column":7}},"48":{"start":{"line":87,"column":22},"end":{"line":87,"column":64}},"49":{"start":{"line":87,"column":47},"end":{"line":87,"column":63}},"50":{"start":{"line":88,"column":8},"end":{"line":90,"column":9}},"51":{"start":{"line":89,"column":10},"end":{"line":89,"column":35}},"52":{"start":{"line":94,"column":52},"end":{"line":94,"column":66}},"53":{"start":{"line":95,"column":22},"end":{"line":95,"column":63}},"54":{"start":{"line":95,"column":44},"end":{"line":95,"column":62}},"55":{"start":{"line":96,"column":6},"end":{"line":104,"column":7}},"56":{"start":{"line":97,"column":22},"end":{"line":97,"column":64}},"57":{"start":{"line":97,"column":47},"end":{"line":97,"column":63}},"58":{"start":{"line":98,"column":8},"end":{"line":103,"column":9}},"59":{"start":{"line":99,"column":24},"end":{"line":99,"column":64}},"60":{"start":{"line":99,"column":47},"end":{"line":99,"column":63}},"61":{"start":{"line":100,"column":10},"end":{"line":102,"column":11}},"62":{"start":{"line":101,"column":12},"end":{"line":101,"column":39}},"63":{"start":{"line":107,"column":46},"end":{"line":107,"column":60}},"64":{"start":{"line":108,"column":22},"end":{"line":108,"column":63}},"65":{"start":{"line":108,"column":44},"end":{"line":108,"column":62}},"66":{"start":{"line":109,"column":6},"end":{"line":114,"column":7}},"67":{"start":{"line":110,"column":22},"end":{"line":110,"column":64}},"68":{"start":{"line":110,"column":47},"end":{"line":110,"column":63}},"69":{"start":{"line":111,"column":8},"end":{"line":113,"column":9}},"70":{"start":{"line":112,"column":10},"end":{"line":112,"column":68}},"71":{"start":{"line":112,"column":50},"end":{"line":112,"column":66}},"72":{"start":{"line":117,"column":6},"end":{"line":117,"column":37}},"73":{"start":{"line":120,"column":6},"end":{"line":120,"column":35}},"74":{"start":{"line":123,"column":30},"end":{"line":123,"column":79}},"75":{"start":{"line":123,"column":52},"end":{"line":123,"column":78}},"76":{"start":{"line":124,"column":6},"end":{"line":127,"column":7}},"77":{"start":{"line":125,"column":8},"end":{"line":125,"column":41}},"78":{"start":{"line":126,"column":8},"end":{"line":126,"column":39}},"79":{"start":{"line":129,"column":6},"end":{"line":136,"column":10}},"80":{"start":{"line":129,"column":66},"end":{"line":136,"column":8}},"81":{"start":{"line":132,"column":43},"end":{"line":135,"column":10}},"82":{"start":{"line":138,"column":6},"end":{"line":138,"column":39}},"83":{"start":{"line":139,"column":22},"end":{"line":139,"column":71}},"84":{"start":{"line":139,"column":44},"end":{"line":139,"column":70}},"85":{"start":{"line":140,"column":6},"end":{"line":142,"column":7}},"86":{"start":{"line":141,"column":8},"end":{"line":141,"column":39}},"87":{"start":{"line":144,"column":6},"end":{"line":144,"column":32}},"88":{"start":{"line":149,"column":13},"end":{"line":163,"column":null}},"89":{"start":{"line":166,"column":33},"end":{"line":176,"column":1}},"90":{"start":{"line":166,"column":49},"end":{"line":176,"column":1}},"91":{"start":{"line":166,"column":64},"end":{"line":176,"column":1}},"92":{"start":{"line":167,"column":17},"end":{"line":167,"column":29}},"93":{"start":{"line":168,"column":16},"end":{"line":168,"column":32}},"94":{"start":{"line":171,"column":2},"end":{"line":173,"column":3}},"95":{"start":{"line":172,"column":4},"end":{"line":172,"column":39}},"96":{"start":{"line":175,"column":2},"end":{"line":175,"column":16}},"97":{"start":{"line":166,"column":13},"end":{"line":166,"column":33}},"98":{"start":{"line":178,"column":0},"end":{"line":178,"column":37}}},"fnMap":{"0":{"name":"(anonymous_0)","decl":{"start":{"line":24,"column":21},"end":{"line":24,"column":22}},"loc":{"start":{"line":24,"column":31},"end":{"line":29,"column":5}}},"1":{"name":"(anonymous_1)","decl":{"start":{"line":30,"column":16},"end":{"line":30,"column":17}},"loc":{"start":{"line":30,"column":58},"end":{"line":32,"column":5}}},"2":{"name":"(anonymous_2)","decl":{"start":{"line":33,"column":19},"end":{"line":33,"column":20}},"loc":{"start":{"line":33,"column":92},"end":{"line":39,"column":5}}},"3":{"name":"(anonymous_3)","decl":{"start":{"line":35,"column":39},"end":{"line":35,"column":40}},"loc":{"start":{"line":35,"column":44},"end":{"line":35,"column":55}}},"4":{"name":"(anonymous_4)","decl":{"start":{"line":40,"column":19},"end":{"line":40,"column":20}},"loc":{"start":{"line":40,"column":60},"end":{"line":46,"column":5}}},"5":{"name":"(anonymous_5)","decl":{"start":{"line":42,"column":39},"end":{"line":42,"column":40}},"loc":{"start":{"line":42,"column":44},"end":{"line":42,"column":55}}},"6":{"name":"(anonymous_6)","decl":{"start":{"line":47,"column":23},"end":{"line":47,"column":24}},"loc":{"start":{"line":47,"column":64},"end":{"line":50,"column":5}}},"7":{"name":"(anonymous_7)","decl":{"start":{"line":49,"column":46},"end":{"line":49,"column":47}},"loc":{"start":{"line":49,"column":51},"end":{"line":49,"column":62}}},"8":{"name":"(anonymous_8)","decl":{"start":{"line":51,"column":14},"end":{"line":51,"column":15}},"loc":{"start":{"line":51,"column":84},"end":{"line":57,"column":5}}},"9":{"name":"(anonymous_9)","decl":{"start":{"line":53,"column":39},"end":{"line":53,"column":40}},"loc":{"start":{"line":53,"column":44},"end":{"line":53,"column":62}}},"10":{"name":"(anonymous_10)","decl":{"start":{"line":58,"column":17},"end":{"line":58,"column":18}},"loc":{"start":{"line":58,"column":112},"end":{"line":75,"column":5}}},"11":{"name":"(anonymous_11)","decl":{"start":{"line":60,"column":39},"end":{"line":60,"column":40}},"loc":{"start":{"line":60,"column":44},"end":{"line":60,"column":62}}},"12":{"name":"(anonymous_12)","decl":{"start":{"line":62,"column":52},"end":{"line":62,"column":53}},"loc":{"start":{"line":62,"column":57},"end":{"line":62,"column":73}}},"13":{"name":"(anonymous_13)","decl":{"start":{"line":76,"column":17},"end":{"line":76,"column":18}},"loc":{"start":{"line":76,"column":90},"end":{"line":82,"column":5}}},"14":{"name":"(anonymous_14)","decl":{"start":{"line":78,"column":39},"end":{"line":78,"column":40}},"loc":{"start":{"line":78,"column":44},"end":{"line":78,"column":62}}},"15":{"name":"(anonymous_15)","decl":{"start":{"line":80,"column":47},"end":{"line":80,"column":48}},"loc":{"start":{"line":80,"column":52},"end":{"line":80,"column":68}}},"16":{"name":"(anonymous_16)","decl":{"start":{"line":83,"column":14},"end":{"line":83,"column":15}},"loc":{"start":{"line":83,"column":101},"end":{"line":92,"column":5}}},"17":{"name":"(anonymous_17)","decl":{"start":{"line":85,"column":39},"end":{"line":85,"column":40}},"loc":{"start":{"line":85,"column":44},"end":{"line":85,"column":62}}},"18":{"name":"(anonymous_18)","decl":{"start":{"line":87,"column":42},"end":{"line":87,"column":43}},"loc":{"start":{"line":87,"column":47},"end":{"line":87,"column":63}}},"19":{"name":"(anonymous_19)","decl":{"start":{"line":93,"column":17},"end":{"line":93,"column":18}},"loc":{"start":{"line":93,"column":129},"end":{"line":105,"column":5}}},"20":{"name":"(anonymous_20)","decl":{"start":{"line":95,"column":39},"end":{"line":95,"column":40}},"loc":{"start":{"line":95,"column":44},"end":{"line":95,"column":62}}},"21":{"name":"(anonymous_21)","decl":{"start":{"line":97,"column":42},"end":{"line":97,"column":43}},"loc":{"start":{"line":97,"column":47},"end":{"line":97,"column":63}}},"22":{"name":"(anonymous_22)","decl":{"start":{"line":99,"column":42},"end":{"line":99,"column":43}},"loc":{"start":{"line":99,"column":47},"end":{"line":99,"column":63}}},"23":{"name":"(anonymous_23)","decl":{"start":{"line":106,"column":17},"end":{"line":106,"column":18}},"loc":{"start":{"line":106,"column":107},"end":{"line":115,"column":5}}},"24":{"name":"(anonymous_24)","decl":{"start":{"line":108,"column":39},"end":{"line":108,"column":40}},"loc":{"start":{"line":108,"column":44},"end":{"line":108,"column":62}}},"25":{"name":"(anonymous_25)","decl":{"start":{"line":110,"column":42},"end":{"line":110,"column":43}},"loc":{"start":{"line":110,"column":47},"end":{"line":110,"column":63}}},"26":{"name":"(anonymous_26)","decl":{"start":{"line":112,"column":45},"end":{"line":112,"column":46}},"loc":{"start":{"line":112,"column":50},"end":{"line":112,"column":66}}},"27":{"name":"(anonymous_27)","decl":{"start":{"line":116,"column":16},"end":{"line":116,"column":17}},"loc":{"start":{"line":116,"column":58},"end":{"line":118,"column":5}}},"28":{"name":"(anonymous_28)","decl":{"start":{"line":119,"column":14},"end":{"line":119,"column":15}},"loc":{"start":{"line":119,"column":62},"end":{"line":121,"column":5}}},"29":{"name":"(anonymous_29)","decl":{"start":{"line":122,"column":19},"end":{"line":122,"column":20}},"loc":{"start":{"line":122,"column":61},"end":{"line":145,"column":5}}},"30":{"name":"(anonymous_30)","decl":{"start":{"line":123,"column":47},"end":{"line":123,"column":48}},"loc":{"start":{"line":123,"column":52},"end":{"line":123,"column":78}}},"31":{"name":"(anonymous_31)","decl":{"start":{"line":129,"column":56},"end":{"line":129,"column":61}},"loc":{"start":{"line":129,"column":66},"end":{"line":136,"column":8}}},"32":{"name":"(anonymous_32)","decl":{"start":{"line":132,"column":33},"end":{"line":132,"column":38}},"loc":{"start":{"line":132,"column":43},"end":{"line":135,"column":10}}},"33":{"name":"(anonymous_33)","decl":{"start":{"line":139,"column":39},"end":{"line":139,"column":40}},"loc":{"start":{"line":139,"column":44},"end":{"line":139,"column":70}}},"34":{"name":"(anonymous_34)","decl":{"start":{"line":166,"column":33},"end":{"line":166,"column":34}},"loc":{"start":{"line":166,"column":49},"end":{"line":176,"column":1}}},"35":{"name":"(anonymous_35)","decl":{"start":{"line":166,"column":49},"end":{"line":166,"column":50}},"loc":{"start":{"line":166,"column":64},"end":{"line":176,"column":1}}},"36":{"name":"(anonymous_36)","decl":{"start":{"line":166,"column":64},"end":{"line":166,"column":65}},"loc":{"start":{"line":166,"column":80},"end":{"line":176,"column":1}}}},"branchMap":{"0":{"loc":{"start":{"line":36,"column":6},"end":{"line":38,"column":7}},"type":"if","locations":[{"start":{"line":36,"column":6},"end":{"line":38,"column":7}}]},"1":{"loc":{"start":{"line":43,"column":6},"end":{"line":45,"column":7}},"type":"if","locations":[{"start":{"line":43,"column":6},"end":{"line":45,"column":7}}]},"2":{"loc":{"start":{"line":49,"column":29},"end":{"line":49,"column":71}},"type":"binary-expr","locations":[{"start":{"line":49,"column":29},"end":{"line":49,"column":63}},{"start":{"line":49,"column":67},"end":{"line":49,"column":71}}]},"3":{"loc":{"start":{"line":54,"column":6},"end":{"line":56,"column":7}},"type":"if","locations":[{"start":{"line":54,"column":6},"end":{"line":56,"column":7}}]},"4":{"loc":{"start":{"line":61,"column":6},"end":{"line":74,"column":7}},"type":"if","locations":[{"start":{"line":61,"column":6},"end":{"line":74,"column":7}}]},"5":{"loc":{"start":{"line":63,"column":8},"end":{"line":73,"column":9}},"type":"if","locations":[{"start":{"line":63,"column":8},"end":{"line":73,"column":9}}]},"6":{"loc":{"start":{"line":67,"column":20},"end":{"line":67,"column":106}},"type":"cond-expr","locations":[{"start":{"line":67,"column":49},"end":{"line":67,"column":65}},{"start":{"line":67,"column":68},"end":{"line":67,"column":106}}]},"7":{"loc":{"start":{"line":70,"column":10},"end":{"line":72,"column":11}},"type":"if","locations":[{"start":{"line":70,"column":10},"end":{"line":72,"column":11}}]},"8":{"loc":{"start":{"line":79,"column":6},"end":{"line":81,"column":7}},"type":"if","locations":[{"start":{"line":79,"column":6},"end":{"line":81,"column":7}}]},"9":{"loc":{"start":{"line":86,"column":6},"end":{"line":91,"column":7}},"type":"if","locations":[{"start":{"line":86,"column":6},"end":{"line":91,"column":7}}]},"10":{"loc":{"start":{"line":88,"column":8},"end":{"line":90,"column":9}},"type":"if","locations":[{"start":{"line":88,"column":8},"end":{"line":90,"column":9}}]},"11":{"loc":{"start":{"line":96,"column":6},"end":{"line":104,"column":7}},"type":"if","locations":[{"start":{"line":96,"column":6},"end":{"line":104,"column":7}}]},"12":{"loc":{"start":{"line":98,"column":8},"end":{"line":103,"column":9}},"type":"if","locations":[{"start":{"line":98,"column":8},"end":{"line":103,"column":9}}]},"13":{"loc":{"start":{"line":100,"column":10},"end":{"line":102,"column":11}},"type":"if","locations":[{"start":{"line":100,"column":10},"end":{"line":102,"column":11}}]},"14":{"loc":{"start":{"line":109,"column":6},"end":{"line":114,"column":7}},"type":"if","locations":[{"start":{"line":109,"column":6},"end":{"line":114,"column":7}}]},"15":{"loc":{"start":{"line":111,"column":8},"end":{"line":113,"column":9}},"type":"if","locations":[{"start":{"line":111,"column":8},"end":{"line":113,"column":9}}]},"16":{"loc":{"start":{"line":124,"column":6},"end":{"line":127,"column":7}},"type":"if","locations":[{"start":{"line":124,"column":6},"end":{"line":127,"column":7}}]},"17":{"loc":{"start":{"line":140,"column":6},"end":{"line":142,"column":7}},"type":"if","locations":[{"start":{"line":140,"column":6},"end":{"line":142,"column":7}}]},"18":{"loc":{"start":{"line":171,"column":2},"end":{"line":173,"column":3}},"type":"if","locations":[{"start":{"line":171,"column":2},"end":{"line":173,"column":3}}]}},"s":{"0":1,"1":1,"2":1,"3":1,"4":1,"5":1,"6":1,"7":1,"8":1,"9":6,"10":2,"11":2,"12":1,"13":2,"14":1,"15":2,"16":2,"17":2,"18":2,"19":1,"20":1,"21":1,"22":1,"23":2,"24":2,"25":2,"26":2,"27":2,"28":0,"29":0,"30":0,"31":0,"32":0,"33":0,"34":0,"35":0,"36":0,"37":0,"38":0,"39":0,"40":0,"41":0,"42":0,"43":0,"44":1,"45":1,"46":1,"47":1,"48":1,"49":1,"50":1,"51":1,"52":0,"53":0,"54":0,"55":0,"56":0,"57":0,"58":0,"59":0,"60":0,"61":0,"62":0,"63":0,"64":0,"65":0,"66":0,"67":0,"68":0,"69":0,"70":0,"71":0,"72":2,"73":2,"74":0,"75":0,"76":0,"77":0,"78":0,"79":0,"80":0,"81":0,"82":0,"83":0,"84":0,"85":0,"86":0,"87":0,"88":1,"89":1,"90":10,"91":10,"92":19,"93":19,"94":19,"95":19,"96":19,"97":1,"98":1},"f":{"0":1,"1":6,"2":2,"3":1,"4":2,"5":2,"6":1,"7":1,"8":2,"9":2,"10":0,"11":0,"12":0,"13":0,"14":0,"15":0,"16":1,"17":1,"18":1,"19":0,"20":0,"21":0,"22":0,"23":0,"24":0,"25":0,"26":0,"27":2,"28":2,"29":0,"30":0,"31":0,"32":0,"33":0,"34":10,"35":10,"36":19},"b":{"0":[1],"1":[1],"2":[1,0],"3":[2],"4":[0],"5":[0],"6":[0,0],"7":[0],"8":[0],"9":[1],"10":[1],"11":[0],"12":[0],"13":[0],"14":[0],"15":[0],"16":[0],"17":[0],"18":[19]}}
,"/Users/zhongjiafeng/Desktop/5000_Project/ai-project/db-modeler/db-modeler-react/src/utils/helpers.ts": {"path":"/Users/zhongjiafeng/Desktop/5000_Project/ai-project/db-modeler/db-modeler-react/src/utils/helpers.ts","statementMap":{"0":{"start":{"line":1,"column":26},"end":{"line":3,"column":1}},"1":{"start":{"line":2,"column":2},"end":{"line":2,"column":75}},"2":{"start":{"line":1,"column":13},"end":{"line":1,"column":26}}},"fnMap":{"0":{"name":"(anonymous_0)","decl":{"start":{"line":1,"column":26},"end":{"line":1,"column":37}},"loc":{"start":{"line":1,"column":39},"end":{"line":3,"column":1}}}},"branchMap":{},"s":{"0":2,"1":1003,"2":2},"f":{"0":1003},"b":{}}
,"/Users/zhongjiafeng/Desktop/5000_Project/ai-project/db-modeler/db-modeler-react/src/utils/sqlGenerator.ts": {"path":"/Users/zhongjiafeng/Desktop/5000_Project/ai-project/db-modeler/db-modeler-react/src/utils/sqlGenerator.ts","statementMap":{"0":{"start":{"line":15,"column":0},"end":{"line":15,"column":16}},"1":{"start":{"line":16,"column":26},"end":{"line":16,"column":28}},"2":{"start":{"line":19,"column":2},"end":{"line":25,"column":3}},"3":{"start":{"line":20,"column":4},"end":{"line":20,"column":39}},"4":{"start":{"line":21,"column":4},"end":{"line":23,"column":5}},"5":{"start":{"line":22,"column":6},"end":{"line":22,"column":44}},"6":{"start":{"line":24,"column":4},"end":{"line":24,"column":19}},"7":{"start":{"line":28,"column":2},"end":{"line":37,"column":3}},"8":{"start":{"line":29,"column":4},"end":{"line":35,"column":5}},"9":{"start":{"line":30,"column":6},"end":{"line":30,"column":60}},"10":{"start":{"line":31,"column":11},"end":{"line":35,"column":5}},"11":{"start":{"line":32,"column":6},"end":{"line":32,"column":58}},"12":{"start":{"line":34,"column":6},"end":{"line":34,"column":56}},"13":{"start":{"line":36,"column":4},"end":{"line":36,"column":19}},"14":{"start":{"line":40,"column":24},"end":{"line":40,"column":39}},"15":{"start":{"line":41,"column":2},"end":{"line":43,"column":3}},"16":{"start":{"line":42,"column":4},"end":{"line":42,"column":40}},"17":{"start":{"line":45,"column":2},"end":{"line":51,"column":3}},"18":{"start":{"line":46,"column":4},"end":{"line":46,"column":45}},"19":{"start":{"line":47,"column":9},"end":{"line":51,"column":3}},"20":{"start":{"line":48,"column":4},"end":{"line":48,"column":43}},"21":{"start":{"line":50,"column":4},"end":{"line":50,"column":41}},"22":{"start":{"line":52,"column":2},"end":{"line":52,"column":30}},"23":{"start":{"line":55,"column":21},"end":{"line":95,"column":4}},"24":{"start":{"line":56,"column":15},"end":{"line":56,"column":17}},"25":{"start":{"line":59,"column":4},"end":{"line":65,"column":5}},"26":{"start":{"line":60,"column":6},"end":{"line":60,"column":36}},"27":{"start":{"line":61,"column":11},"end":{"line":65,"column":5}},"28":{"start":{"line":62,"column":6},"end":{"line":62,"column":34}},"29":{"start":{"line":64,"column":6},"end":{"line":64,"column":32}},"30":{"start":{"line":68,"column":4},"end":{"line":68,"column":47}},"31":{"start":{"line":71,"column":4},"end":{"line":73,"column":5}},"32":{"start":{"line":72,"column":6},"end":{"line":72,"column":26}},"33":{"start":{"line":76,"column":4},"end":{"line":78,"column":5}},"34":{"start":{"line":77,"column":6},"end":{"line":77,"column":79}},"35":{"start":{"line":81,"column":4},"end":{"line":87,"column":5}},"36":{"start":{"line":82,"column":6},"end":{"line":86,"column":7}},"37":{"start":{"line":83,"column":8},"end":{"line":83,"column":34}},"38":{"start":{"line":84,"column":13},"end":{"line":86,"column":7}},"39":{"start":{"line":90,"column":4},"end":{"line":92,"column":5}},"40":{"start":{"line":91,"column":6},"end":{"line":91,"column":64}},"41":{"start":{"line":94,"column":4},"end":{"line":94,"column":16}},"42":{"start":{"line":98,"column":22},"end":{"line":105,"column":4}},"43":{"start":{"line":98,"column":47},"end":{"line":98,"column":61}},"44":{"start":{"line":99,"column":4},"end":{"line":103,"column":5}},"45":{"start":{"line":100,"column":6},"end":{"line":100,"column":29}},"46":{"start":{"line":101,"column":11},"end":{"line":103,"column":5}},"47":{"start":{"line":102,"column":6},"end":{"line":102,"column":27}},"48":{"start":{"line":104,"column":4},"end":{"line":104,"column":18}},"49":{"start":{"line":107,"column":2},"end":{"line":109,"column":3}},"50":{"start":{"line":108,"column":4},"end":{"line":108,"column":65}},"51":{"start":{"line":112,"column":2},"end":{"line":122,"column":5}},"52":{"start":{"line":113,"column":4},"end":{"line":121,"column":5}},"53":{"start":{"line":114,"column":6},"end":{"line":120,"column":7}},"54":{"start":{"line":115,"column":8},"end":{"line":115,"column":81}},"55":{"start":{"line":116,"column":13},"end":{"line":120,"column":7}},"56":{"start":{"line":117,"column":8},"end":{"line":117,"column":54}},"57":{"start":{"line":119,"column":8},"end":{"line":119,"column":52}},"58":{"start":{"line":125,"column":2},"end":{"line":136,"column":5}},"59":{"start":{"line":126,"column":4},"end":{"line":135,"column":5}},"60":{"start":{"line":127,"column":6},"end":{"line":134,"column":7}},"61":{"start":{"line":128,"column":8},"end":{"line":128,"column":75}},"62":{"start":{"line":129,"column":13},"end":{"line":134,"column":7}},"63":{"start":{"line":131,"column":8},"end":{"line":131,"column":107}},"64":{"start":{"line":133,"column":8},"end":{"line":133,"column":101}},"65":{"start":{"line":138,"column":2},"end":{"line":138,"column":37}},"66":{"start":{"line":141,"column":2},"end":{"line":160,"column":3}},"67":{"start":{"line":142,"column":35},"end":{"line":142,"column":37}},"68":{"start":{"line":144,"column":4},"end":{"line":147,"column":5}},"69":{"start":{"line":145,"column":6},"end":{"line":145,"column":62}},"70":{"start":{"line":146,"column":6},"end":{"line":146,"column":58}},"71":{"start":{"line":149,"column":4},"end":{"line":151,"column":5}},"72":{"start":{"line":150,"column":6},"end":{"line":150,"column":80}},"73":{"start":{"line":153,"column":4},"end":{"line":157,"column":5}},"74":{"start":{"line":154,"column":6},"end":{"line":154,"column":49}},"75":{"start":{"line":156,"column":6},"end":{"line":156,"column":23}},"76":{"start":{"line":159,"column":4},"end":{"line":159,"column":21}},"77":{"start":{"line":163,"column":2},"end":{"line":174,"column":3}},"78":{"start":{"line":164,"column":4},"end":{"line":167,"column":5}},"79":{"start":{"line":165,"column":6},"end":{"line":165,"column":21}},"80":{"start":{"line":166,"column":6},"end":{"line":166,"column":100}},"81":{"start":{"line":169,"column":4},"end":{"line":173,"column":7}},"82":{"start":{"line":170,"column":6},"end":{"line":172,"column":7}},"83":{"start":{"line":171,"column":8},"end":{"line":171,"column":115}},"84":{"start":{"line":176,"column":2},"end":{"line":176,"column":26}},"85":{"start":{"line":180,"column":47},"end":{"line":180,"column":52}},"86":{"start":{"line":182,"column":2},"end":{"line":229,"column":3}},"87":{"start":{"line":183,"column":20},"end":{"line":183,"column":24}},"88":{"start":{"line":185,"column":4},"end":{"line":187,"column":5}},"89":{"start":{"line":186,"column":6},"end":{"line":186,"column":33}},"90":{"start":{"line":189,"column":4},"end":{"line":191,"column":5}},"91":{"start":{"line":190,"column":6},"end":{"line":190,"column":31}},"92":{"start":{"line":193,"column":4},"end":{"line":195,"column":5}},"93":{"start":{"line":194,"column":6},"end":{"line":194,"column":31}},"94":{"start":{"line":197,"column":4},"end":{"line":197,"column":21}},"95":{"start":{"line":198,"column":9},"end":{"line":229,"column":3}},"96":{"start":{"line":199,"column":4},"end":{"line":212,"column":5}},"97":{"start":{"line":201,"column":8},"end":{"line":201,"column":60}},"98":{"start":{"line":203,"column":8},"end":{"line":203,"column":43}},"99":{"start":{"line":205,"column":8},"end":{"line":205,"column":22}},"100":{"start":{"line":207,"column":8},"end":{"line":207,"column":27}},"101":{"start":{"line":209,"column":8},"end":{"line":209,"column":46}},"102":{"start":{"line":211,"column":8},"end":{"line":211,"column":20}},"103":{"start":{"line":215,"column":4},"end":{"line":228,"column":5}},"104":{"start":{"line":217,"column":8},"end":{"line":217,"column":25}},"105":{"start":{"line":219,"column":8},"end":{"line":219,"column":22}},"106":{"start":{"line":221,"column":8},"end":{"line":221,"column":22}},"107":{"start":{"line":223,"column":8},"end":{"line":223,"column":26}},"108":{"start":{"line":225,"column":8},"end":{"line":225,"column":22}},"109":{"start":{"line":227,"column":8},"end":{"line":227,"column":20}},"110":{"start":{"line":233,"column":2},"end":{"line":235,"column":3}},"111":{"start":{"line":234,"column":4},"end":{"line":234,"column":18}},"112":{"start":{"line":237,"column":2},"end":{"line":239,"column":3}},"113":{"start":{"line":238,"column":4},"end":{"line":238,"column":31}},"114":{"start":{"line":241,"column":2},"end":{"line":243,"column":3}},"115":{"start":{"line":242,"column":4},"end":{"line":242,"column":17}},"116":{"start":{"line":245,"column":2},"end":{"line":245,"column":42}}},"fnMap":{"0":{"name":"generateSQLScript","decl":{"start":{"line":15,"column":16},"end":{"line":15,"column":33}},"loc":{"start":{"line":15,"column":76},"end":{"line":177,"column":1}}},"1":{"name":"(anonymous_1)","decl":{"start":{"line":55,"column":38},"end":{"line":55,"column":43}},"loc":{"start":{"line":55,"column":46},"end":{"line":95,"column":3}}},"2":{"name":"(anonymous_2)","decl":{"start":{"line":98,"column":42},"end":{"line":98,"column":43}},"loc":{"start":{"line":98,"column":47},"end":{"line":98,"column":61}}},"3":{"name":"(anonymous_3)","decl":{"start":{"line":98,"column":67},"end":{"line":98,"column":68}},"loc":{"start":{"line":98,"column":71},"end":{"line":105,"column":3}}},"4":{"name":"(anonymous_4)","decl":{"start":{"line":112,"column":23},"end":{"line":112,"column":28}},"loc":{"start":{"line":112,"column":31},"end":{"line":122,"column":3}}},"5":{"name":"(anonymous_5)","decl":{"start":{"line":125,"column":23},"end":{"line":125,"column":28}},"loc":{"start":{"line":125,"column":31},"end":{"line":136,"column":3}}},"6":{"name":"(anonymous_6)","decl":{"start":{"line":169,"column":25},"end":{"line":169,"column":30}},"loc":{"start":{"line":169,"column":33},"end":{"line":173,"column":5}}},"7":{"name":"getFieldType","decl":{"start":{"line":179,"column":9},"end":{"line":179,"column":21}},"loc":{"start":{"line":179,"column":64},"end":{"line":230,"column":1}}},"8":{"name":"formatDefaultValue","decl":{"start":{"line":232,"column":9},"end":{"line":232,"column":27}},"loc":{"start":{"line":232,"column":55},"end":{"line":246,"column":1}}}},"branchMap":{"0":{"loc":{"start":{"line":19,"column":2},"end":{"line":25,"column":3}},"type":"if","locations":[{"start":{"line":19,"column":2},"end":{"line":25,"column":3}}]},"1":{"loc":{"start":{"line":21,"column":4},"end":{"line":23,"column":5}},"type":"if","locations":[{"start":{"line":21,"column":4},"end":{"line":23,"column":5}}]},"2":{"loc":{"start":{"line":28,"column":2},"end":{"line":37,"column":3}},"type":"if","locations":[{"start":{"line":28,"column":2},"end":{"line":37,"column":3}}]},"3":{"loc":{"start":{"line":29,"column":4},"end":{"line":35,"column":5}},"type":"if","locations":[{"start":{"line":29,"column":4},"end":{"line":35,"column":5}},{"start":{"line":31,"column":11},"end":{"line":35,"column":5}}]},"4":{"loc":{"start":{"line":31,"column":11},"end":{"line":35,"column":5}},"type":"if","locations":[{"start":{"line":31,"column":11},"end":{"line":35,"column":5}},{"start":{"line":33,"column":11},"end":{"line":35,"column":5}}]},"5":{"loc":{"start":{"line":41,"column":2},"end":{"line":43,"column":3}},"type":"if","locations":[{"start":{"line":41,"column":2},"end":{"line":43,"column":3}}]},"6":{"loc":{"start":{"line":45,"column":2},"end":{"line":51,"column":3}},"type":"if","locations":[{"start":{"line":45,"column":2},"end":{"line":51,"column":3}},{"start":{"line":47,"column":9},"end":{"line":51,"column":3}}]},"7":{"loc":{"start":{"line":47,"column":9},"end":{"line":51,"column":3}},"type":"if","locations":[{"start":{"line":47,"column":9},"end":{"line":51,"column":3}},{"start":{"line":49,"column":9},"end":{"line":51,"column":3}}]},"8":{"loc":{"start":{"line":59,"column":4},"end":{"line":65,"column":5}},"type":"if","locations":[{"start":{"line":59,"column":4},"end":{"line":65,"column":5}},{"start":{"line":61,"column":11},"end":{"line":65,"column":5}}]},"9":{"loc":{"start":{"line":61,"column":11},"end":{"line":65,"column":5}},"type":"if","locations":[{"start":{"line":61,"column":11},"end":{"line":65,"column":5}},{"start":{"line":63,"column":11},"end":{"line":65,"column":5}}]},"10":{"loc":{"start":{"line":71,"column":4},"end":{"line":73,"column":5}},"type":"if","locations":[{"start":{"line":71,"column":4},"end":{"line":73,"column":5}}]},"11":{"loc":{"start":{"line":76,"column":4},"end":{"line":78,"column":5}},"type":"if","locations":[{"start":{"line":76,"column":4},"end":{"line":78,"column":5}}]},"12":{"loc":{"start":{"line":76,"column":8},"end":{"line":76,"column":69}},"type":"binary-expr","locations":[{"start":{"line":76,"column":8},"end":{"line":76,"column":40}},{"start":{"line":76,"column":44},"end":{"line":76,"column":69}}]},"13":{"loc":{"start":{"line":81,"column":4},"end":{"line":87,"column":5}},"type":"if","locations":[{"start":{"line":81,"column":4},"end":{"line":87,"column":5}}]},"14":{"loc":{"start":{"line":81,"column":8},"end":{"line":81,"column":61}},"type":"binary-expr","locations":[{"start":{"line":81,"column":8},"end":{"line":81,"column":29}},{"start":{"line":81,"column":33},"end":{"line":81,"column":61}}]},"15":{"loc":{"start":{"line":82,"column":6},"end":{"line":86,"column":7}},"type":"if","locations":[{"start":{"line":82,"column":6},"end":{"line":86,"column":7}},{"start":{"line":84,"column":13},"end":{"line":86,"column":7}}]},"16":{"loc":{"start":{"line":84,"column":13},"end":{"line":86,"column":7}},"type":"if","locations":[{"start":{"line":84,"column":13},"end":{"line":86,"column":7}}]},"17":{"loc":{"start":{"line":90,"column":4},"end":{"line":92,"column":5}},"type":"if","locations":[{"start":{"line":90,"column":4},"end":{"line":92,"column":5}}]},"18":{"loc":{"start":{"line":90,"column":8},"end":{"line":90,"column":79}},"type":"binary-expr","locations":[{"start":{"line":90,"column":8},"end":{"line":90,"column":31}},{"start":{"line":90,"column":35},"end":{"line":90,"column":48}},{"start":{"line":90,"column":52},"end":{"line":90,"column":79}}]},"19":{"loc":{"start":{"line":99,"column":4},"end":{"line":103,"column":5}},"type":"if","locations":[{"start":{"line":99,"column":4},"end":{"line":103,"column":5}},{"start":{"line":101,"column":11},"end":{"line":103,"column":5}}]},"20":{"loc":{"start":{"line":101,"column":11},"end":{"line":103,"column":5}},"type":"if","locations":[{"start":{"line":101,"column":11},"end":{"line":103,"column":5}}]},"21":{"loc":{"start":{"line":107,"column":2},"end":{"line":109,"column":3}},"type":"if","locations":[{"start":{"line":107,"column":2},"end":{"line":109,"column":3}}]},"22":{"loc":{"start":{"line":113,"column":4},"end":{"line":121,"column":5}},"type":"if","locations":[{"start":{"line":113,"column":4},"end":{"line":121,"column":5}}]},"23":{"loc":{"start":{"line":113,"column":8},"end":{"line":113,"column":43}},"type":"binary-expr","locations":[{"start":{"line":113,"column":8},"end":{"line":113,"column":20}},{"start":{"line":113,"column":24},"end":{"line":113,"column":43}}]},"24":{"loc":{"start":{"line":114,"column":6},"end":{"line":120,"column":7}},"type":"if","locations":[{"start":{"line":114,"column":6},"end":{"line":120,"column":7}},{"start":{"line":116,"column":13},"end":{"line":120,"column":7}}]},"25":{"loc":{"start":{"line":116,"column":13},"end":{"line":120,"column":7}},"type":"if","locations":[{"start":{"line":116,"column":13},"end":{"line":120,"column":7}},{"start":{"line":118,"column":13},"end":{"line":120,"column":7}}]},"26":{"loc":{"start":{"line":126,"column":4},"end":{"line":135,"column":5}},"type":"if","locations":[{"start":{"line":126,"column":4},"end":{"line":135,"column":5}}]},"27":{"loc":{"start":{"line":126,"column":8},"end":{"line":126,"column":59}},"type":"binary-expr","locations":[{"start":{"line":126,"column":8},"end":{"line":126,"column":19}},{"start":{"line":126,"column":23},"end":{"line":126,"column":36}},{"start":{"line":126,"column":40},"end":{"line":126,"column":59}}]},"28":{"loc":{"start":{"line":127,"column":6},"end":{"line":134,"column":7}},"type":"if","locations":[{"start":{"line":127,"column":6},"end":{"line":134,"column":7}},{"start":{"line":129,"column":13},"end":{"line":134,"column":7}}]},"29":{"loc":{"start":{"line":129,"column":13},"end":{"line":134,"column":7}},"type":"if","locations":[{"start":{"line":129,"column":13},"end":{"line":134,"column":7}},{"start":{"line":132,"column":13},"end":{"line":134,"column":7}}]},"30":{"loc":{"start":{"line":141,"column":2},"end":{"line":160,"column":3}},"type":"if","locations":[{"start":{"line":141,"column":2},"end":{"line":160,"column":3}},{"start":{"line":158,"column":9},"end":{"line":160,"column":3}}]},"31":{"loc":{"start":{"line":144,"column":4},"end":{"line":147,"column":5}},"type":"if","locations":[{"start":{"line":144,"column":4},"end":{"line":147,"column":5}}]},"32":{"loc":{"start":{"line":149,"column":4},"end":{"line":151,"column":5}},"type":"if","locations":[{"start":{"line":149,"column":4},"end":{"line":151,"column":5}}]},"33":{"loc":{"start":{"line":149,"column":8},"end":{"line":149,"column":52}},"type":"binary-expr","locations":[{"start":{"line":149,"column":8},"end":{"line":149,"column":31}},{"start":{"line":149,"column":35},"end":{"line":149,"column":52}}]},"34":{"loc":{"start":{"line":153,"column":4},"end":{"line":157,"column":5}},"type":"if","locations":[{"start":{"line":153,"column":4},"end":{"line":157,"column":5}},{"start":{"line":155,"column":11},"end":{"line":157,"column":5}}]},"35":{"loc":{"start":{"line":163,"column":2},"end":{"line":174,"column":3}},"type":"if","locations":[{"start":{"line":163,"column":2},"end":{"line":174,"column":3}}]},"36":{"loc":{"start":{"line":163,"column":6},"end":{"line":163,"column":65}},"type":"binary-expr","locations":[{"start":{"line":163,"column":6},"end":{"line":163,"column":38}},{"start":{"line":163,"column":42},"end":{"line":163,"column":65}}]},"37":{"loc":{"start":{"line":164,"column":4},"end":{"line":167,"column":5}},"type":"if","locations":[{"start":{"line":164,"column":4},"end":{"line":167,"column":5}}]},"38":{"loc":{"start":{"line":170,"column":6},"end":{"line":172,"column":7}},"type":"if","locations":[{"start":{"line":170,"column":6},"end":{"line":172,"column":7}}]},"39":{"loc":{"start":{"line":182,"column":2},"end":{"line":229,"column":3}},"type":"if","locations":[{"start":{"line":182,"column":2},"end":{"line":229,"column":3}},{"start":{"line":198,"column":9},"end":{"line":229,"column":3}}]},"40":{"loc":{"start":{"line":185,"column":4},"end":{"line":187,"column":5}},"type":"if","locations":[{"start":{"line":185,"column":4},"end":{"line":187,"column":5}}]},"41":{"loc":{"start":{"line":189,"column":4},"end":{"line":191,"column":5}},"type":"if","locations":[{"start":{"line":189,"column":4},"end":{"line":191,"column":5}}]},"42":{"loc":{"start":{"line":193,"column":4},"end":{"line":195,"column":5}},"type":"if","locations":[{"start":{"line":193,"column":4},"end":{"line":195,"column":5}}]},"43":{"loc":{"start":{"line":198,"column":9},"end":{"line":229,"column":3}},"type":"if","locations":[{"start":{"line":198,"column":9},"end":{"line":229,"column":3}},{"start":{"line":213,"column":9},"end":{"line":229,"column":3}}]},"44":{"loc":{"start":{"line":199,"column":4},"end":{"line":212,"column":5}},"type":"switch","locations":[{"start":{"line":200,"column":6},"end":{"line":201,"column":60}},{"start":{"line":202,"column":6},"end":{"line":203,"column":43}},{"start":{"line":204,"column":6},"end":{"line":205,"column":22}},{"start":{"line":206,"column":6},"end":{"line":207,"column":27}},{"start":{"line":208,"column":6},"end":{"line":209,"column":46}},{"start":{"line":210,"column":6},"end":{"line":211,"column":20}}]},"45":{"loc":{"start":{"line":201,"column":15},"end":{"line":201,"column":59}},"type":"cond-expr","locations":[{"start":{"line":201,"column":39},"end":{"line":201,"column":47}},{"start":{"line":201,"column":50},"end":{"line":201,"column":59}}]},"46":{"loc":{"start":{"line":203,"column":26},"end":{"line":203,"column":39}},"type":"binary-expr","locations":[{"start":{"line":203,"column":26},"end":{"line":203,"column":32}},{"start":{"line":203,"column":36},"end":{"line":203,"column":39}}]},"47":{"loc":{"start":{"line":209,"column":26},"end":{"line":209,"column":42}},"type":"binary-expr","locations":[{"start":{"line":209,"column":26},"end":{"line":209,"column":32}},{"start":{"line":209,"column":36},"end":{"line":209,"column":42}}]},"48":{"loc":{"start":{"line":215,"column":4},"end":{"line":228,"column":5}},"type":"switch","locations":[{"start":{"line":216,"column":6},"end":{"line":217,"column":25}},{"start":{"line":218,"column":6},"end":{"line":219,"column":22}},{"start":{"line":220,"column":6},"end":{"line":221,"column":22}},{"start":{"line":222,"column":6},"end":{"line":223,"column":26}},{"start":{"line":224,"column":6},"end":{"line":225,"column":22}},{"start":{"line":226,"column":6},"end":{"line":227,"column":20}}]},"49":{"loc":{"start":{"line":233,"column":2},"end":{"line":235,"column":3}},"type":"if","locations":[{"start":{"line":233,"column":2},"end":{"line":235,"column":3}}]},"50":{"loc":{"start":{"line":237,"column":2},"end":{"line":239,"column":3}},"type":"if","locations":[{"start":{"line":237,"column":2},"end":{"line":239,"column":3}}]},"51":{"loc":{"start":{"line":241,"column":2},"end":{"line":243,"column":3}},"type":"if","locations":[{"start":{"line":241,"column":2},"end":{"line":243,"column":3}}]},"52":{"loc":{"start":{"line":241,"column":6},"end":{"line":241,"column":42}},"type":"binary-expr","locations":[{"start":{"line":241,"column":6},"end":{"line":241,"column":20}},{"start":{"line":241,"column":24},"end":{"line":241,"column":42}}]}},"s":{"0":1,"1":8,"2":8,"3":7,"4":7,"5":0,"6":7,"7":8,"8":7,"9":5,"10":2,"11":1,"12":1,"13":7,"14":8,"15":8,"16":7,"17":8,"18":6,"19":2,"20":1,"21":1,"22":8,"23":8,"24":24,"25":24,"26":18,"27":6,"28":3,"29":3,"30":24,"31":24,"32":24,"33":24,"34":8,"35":24,"36":7,"37":5,"38":2,"39":24,"40":15,"41":24,"42":8,"43":24,"44":8,"45":6,"46":2,"47":1,"48":1,"49":8,"50":8,"51":8,"52":24,"53":8,"54":6,"55":2,"56":1,"57":1,"58":8,"59":24,"60":8,"61":6,"62":2,"63":1,"64":1,"65":8,"66":8,"67":6,"68":6,"69":5,"70":5,"71":6,"72":0,"73":6,"74":5,"75":1,"76":2,"77":8,"78":1,"79":0,"80":0,"81":1,"82":3,"83":3,"84":8,"85":24,"86":24,"87":18,"88":18,"89":6,"90":18,"91":6,"92":18,"93":0,"94":18,"95":6,"96":3,"97":1,"98":1,"99":0,"100":1,"101":0,"102":0,"103":3,"104":1,"105":1,"106":0,"107":1,"108":0,"109":0,"110":8,"111":0,"112":8,"113":8,"114":0,"115":0,"116":0},"f":{"0":8,"1":24,"2":24,"3":8,"4":24,"5":24,"6":3,"7":24,"8":8},"b":{"0":[7],"1":[0],"2":[7],"3":[5,2],"4":[1,1],"5":[7],"6":[6,2],"7":[1,1],"8":[18,6],"9":[3,3],"10":[24],"11":[8],"12":[24,24],"13":[7],"14":[24,8],"15":[5,2],"16":[1],"17":[15],"18":[24,21,21],"19":[6,2],"20":[1],"21":[8],"22":[8],"23":[24,8],"24":[6,2],"25":[1,1],"26":[8],"27":[24,8,8],"28":[6,2],"29":[1,1],"30":[6,2],"31":[5],"32":[0],"33":[6,5],"34":[5,1],"35":[1],"36":[8,1],"37":[0],"38":[3],"39":[18,6],"40":[6],"41":[6],"42":[0],"43":[3,3],"44":[1,1,0,1,0,0],"45":[1,0],"46":[1,0],"47":[0,0],"48":[1,1,0,1,0,0],"49":[0],"50":[8],"51":[0],"52":[0,0]}}
}
