{"/Users/zhongjiafeng/Desktop/5000_Project/ai-project/db-modeler/db-modeler-react/src/components/ProjectDetail/index.tsx": {"path":"/Users/zhongjiafeng/Desktop/5000_Project/ai-project/db-modeler/db-modeler-react/src/components/ProjectDetail/index.tsx","statementMap":{"0":{"start":{"line":1,"column":0},"end":{"line":1,"column":51}},"1":{"start":{"line":2,"column":0},"end":{"line":2,"column":58}},"2":{"start":{"line":3,"column":0},"end":{"line":3,"column":55}},"3":{"start":{"line":4,"column":0},"end":{"line":4,"column":107}},"4":{"start":{"line":5,"column":0},"end":{"line":5,"column":93}},"5":{"start":{"line":7,"column":0},"end":{"line":7,"column":98}},"6":{"start":{"line":11,"column":19},"end":{"line":11,"column":27}},"7":{"start":{"line":13,"column":32},"end":{"line":222,"column":1}},"8":{"start":{"line":14,"column":28},"end":{"line":14,"column":55}},"9":{"start":{"line":15,"column":19},"end":{"line":15,"column":32}},"10":{"start":{"line":16,"column":19},"end":{"line":16,"column":32}},"11":{"start":{"line":17,"column":25},"end":{"line":17,"column":89}},"12":{"start":{"line":17,"column":59},"end":{"line":17,"column":88}},"13":{"start":{"line":18,"column":46},"end":{"line":18,"column":61}},"14":{"start":{"line":19,"column":42},"end":{"line":19,"column":70}},"15":{"start":{"line":20,"column":38},"end":{"line":20,"column":50}},"16":{"start":{"line":21,"column":17},"end":{"line":21,"column":31}},"17":{"start":{"line":23,"column":2},"end":{"line":27,"column":28}},"18":{"start":{"line":24,"column":4},"end":{"line":26,"column":5}},"19":{"start":{"line":25,"column":6},"end":{"line":25,"column":45}},"20":{"start":{"line":29,"column":28},"end":{"line":33,"column":3}},"21":{"start":{"line":30,"column":4},"end":{"line":30,"column":26}},"22":{"start":{"line":31,"column":4},"end":{"line":31,"column":28}},"23":{"start":{"line":32,"column":4},"end":{"line":32,"column":23}},"24":{"start":{"line":35,"column":26},"end":{"line":42,"column":3}},"25":{"start":{"line":36,"column":4},"end":{"line":36,"column":27}},"26":{"start":{"line":37,"column":4},"end":{"line":37,"column":28}},"27":{"start":{"line":38,"column":4},"end":{"line":41,"column":7}},"28":{"start":{"line":44,"column":28},"end":{"line":61,"column":3}},"29":{"start":{"line":45,"column":4},"end":{"line":60,"column":7}},"30":{"start":{"line":51,"column":8},"end":{"line":58,"column":9}},"31":{"start":{"line":52,"column":10},"end":{"line":55,"column":14}},"32":{"start":{"line":56,"column":10},"end":{"line":56,"column":57}},"33":{"start":{"line":57,"column":10},"end":{"line":57,"column":35}},"34":{"start":{"line":63,"column":24},"end":{"line":101,"column":3}},"35":{"start":{"line":64,"column":4},"end":{"line":100,"column":5}},"36":{"start":{"line":65,"column":21},"end":{"line":65,"column":48}},"37":{"start":{"line":66,"column":6},"end":{"line":97,"column":7}},"38":{"start":{"line":68,"column":28},"end":{"line":69,"column":null}},"39":{"start":{"line":69,"column":19},"end":{"line":69,"column":78}},"40":{"start":{"line":72,"column":8},"end":{"line":75,"column":9}},"41":{"start":{"line":73,"column":10},"end":{"line":73,"column":41}},"42":{"start":{"line":74,"column":10},"end":{"line":74,"column":17}},"43":{"start":{"line":77,"column":8},"end":{"line":93,"column":9}},"44":{"start":{"line":79,"column":10},"end":{"line":83,"column":14}},"45":{"start":{"line":84,"column":10},"end":{"line":84,"column":35}},"46":{"start":{"line":87,"column":10},"end":{"line":91,"column":14}},"47":{"start":{"line":92,"column":10},"end":{"line":92,"column":35}},"48":{"start":{"line":94,"column":8},"end":{"line":94,"column":55}},"49":{"start":{"line":95,"column":8},"end":{"line":95,"column":33}},"50":{"start":{"line":96,"column":8},"end":{"line":96,"column":27}},"51":{"start":{"line":99,"column":6},"end":{"line":99,"column":38}},"52":{"start":{"line":103,"column":27},"end":{"line":105,"column":3}},"53":{"start":{"line":104,"column":4},"end":{"line":104,"column":35}},"54":{"start":{"line":107,"column":28},"end":{"line":113,"column":3}},"55":{"start":{"line":108,"column":4},"end":{"line":108,"column":35}},"56":{"start":{"line":108,"column":25},"end":{"line":108,"column":35}},"57":{"start":{"line":109,"column":4},"end":{"line":112,"column":6}},"58":{"start":{"line":110,"column":6},"end":{"line":111,"column":76}},"59":{"start":{"line":115,"column":2},"end":{"line":117,"column":3}},"60":{"start":{"line":116,"column":4},"end":{"line":116,"column":44}},"61":{"start":{"line":119,"column":2},"end":{"line":221,"column":4}},"62":{"start":{"line":127,"column":27},"end":{"line":127,"column":56}},"63":{"start":{"line":142,"column":10},"end":{"line":185,"column":null}},"64":{"start":{"line":155,"column":41},"end":{"line":155,"column":63}},"65":{"start":{"line":162,"column":41},"end":{"line":162,"column":65}},"66":{"start":{"line":171,"column":36},"end":{"line":171,"column":55}},"67":{"start":{"line":176,"column":29},"end":{"line":176,"column":52}},"68":{"start":{"line":195,"column":10},"end":{"line":195,"column":35}},"69":{"start":{"line":196,"column":10},"end":{"line":196,"column":32}},"70":{"start":{"line":197,"column":10},"end":{"line":197,"column":29}},"71":{"start":{"line":224,"column":0},"end":{"line":224,"column":29}}},"fnMap":{"0":{"name":"(anonymous_0)","decl":{"start":{"line":13,"column":32},"end":{"line":13,"column":35}},"loc":{"start":{"line":13,"column":37},"end":{"line":222,"column":1}}},"1":{"name":"(anonymous_1)","decl":{"start":{"line":17,"column":37},"end":{"line":17,"column":38}},"loc":{"start":{"line":17,"column":59},"end":{"line":17,"column":88}}},"2":{"name":"(anonymous_2)","decl":{"start":{"line":23,"column":12},"end":{"line":23,"column":15}},"loc":{"start":{"line":23,"column":17},"end":{"line":27,"column":3}}},"3":{"name":"(anonymous_3)","decl":{"start":{"line":29,"column":28},"end":{"line":29,"column":31}},"loc":{"start":{"line":29,"column":33},"end":{"line":33,"column":3}}},"4":{"name":"(anonymous_4)","decl":{"start":{"line":35,"column":26},"end":{"line":35,"column":27}},"loc":{"start":{"line":35,"column":43},"end":{"line":42,"column":3}}},"5":{"name":"(anonymous_5)","decl":{"start":{"line":44,"column":28},"end":{"line":44,"column":29}},"loc":{"start":{"line":44,"column":45},"end":{"line":61,"column":3}}},"6":{"name":"(anonymous_6)","decl":{"start":{"line":50,"column":12},"end":{"line":50,"column":15}},"loc":{"start":{"line":50,"column":17},"end":{"line":59,"column":7}}},"7":{"name":"(anonymous_7)","decl":{"start":{"line":63,"column":24},"end":{"line":63,"column":29}},"loc":{"start":{"line":63,"column":35},"end":{"line":101,"column":3}}},"8":{"name":"(anonymous_8)","decl":{"start":{"line":69,"column":10},"end":{"line":69,"column":15}},"loc":{"start":{"line":69,"column":19},"end":{"line":69,"column":78}}},"9":{"name":"(anonymous_9)","decl":{"start":{"line":103,"column":27},"end":{"line":103,"column":28}},"loc":{"start":{"line":103,"column":44},"end":{"line":105,"column":3}}},"10":{"name":"(anonymous_10)","decl":{"start":{"line":107,"column":28},"end":{"line":107,"column":31}},"loc":{"start":{"line":107,"column":33},"end":{"line":113,"column":3}}},"11":{"name":"(anonymous_11)","decl":{"start":{"line":109,"column":40},"end":{"line":109,"column":45}},"loc":{"start":{"line":110,"column":6},"end":{"line":111,"column":76}}},"12":{"name":"(anonymous_12)","decl":{"start":{"line":127,"column":22},"end":{"line":127,"column":23}},"loc":{"start":{"line":127,"column":27},"end":{"line":127,"column":56}}},"13":{"name":"(anonymous_13)","decl":{"start":{"line":141,"column":20},"end":{"line":141,"column":21}},"loc":{"start":{"line":142,"column":10},"end":{"line":185,"column":null}}},"14":{"name":"(anonymous_14)","decl":{"start":{"line":155,"column":35},"end":{"line":155,"column":38}},"loc":{"start":{"line":155,"column":41},"end":{"line":155,"column":63}}},"15":{"name":"(anonymous_15)","decl":{"start":{"line":162,"column":35},"end":{"line":162,"column":38}},"loc":{"start":{"line":162,"column":41},"end":{"line":162,"column":65}}},"16":{"name":"(anonymous_16)","decl":{"start":{"line":171,"column":31},"end":{"line":171,"column":32}},"loc":{"start":{"line":171,"column":36},"end":{"line":171,"column":55}}},"17":{"name":"(anonymous_17)","decl":{"start":{"line":176,"column":23},"end":{"line":176,"column":26}},"loc":{"start":{"line":176,"column":29},"end":{"line":176,"column":52}}},"18":{"name":"(anonymous_18)","decl":{"start":{"line":194,"column":18},"end":{"line":194,"column":21}},"loc":{"start":{"line":194,"column":23},"end":{"line":198,"column":9}}}},"branchMap":{"0":{"loc":{"start":{"line":24,"column":4},"end":{"line":26,"column":5}},"type":"if","locations":[{"start":{"line":24,"column":4},"end":{"line":26,"column":5}}]},"1":{"loc":{"start":{"line":51,"column":8},"end":{"line":58,"column":9}},"type":"if","locations":[{"start":{"line":51,"column":8},"end":{"line":58,"column":9}}]},"2":{"loc":{"start":{"line":66,"column":6},"end":{"line":97,"column":7}},"type":"if","locations":[{"start":{"line":66,"column":6},"end":{"line":97,"column":7}}]},"3":{"loc":{"start":{"line":69,"column":19},"end":{"line":69,"column":78}},"type":"binary-expr","locations":[{"start":{"line":69,"column":19},"end":{"line":69,"column":45}},{"start":{"line":69,"column":49},"end":{"line":69,"column":78}}]},"4":{"loc":{"start":{"line":72,"column":8},"end":{"line":75,"column":9}},"type":"if","locations":[{"start":{"line":72,"column":8},"end":{"line":75,"column":9}}]},"5":{"loc":{"start":{"line":77,"column":8},"end":{"line":93,"column":9}},"type":"if","locations":[{"start":{"line":77,"column":8},"end":{"line":93,"column":9}},{"start":{"line":85,"column":15},"end":{"line":93,"column":9}}]},"6":{"loc":{"start":{"line":108,"column":4},"end":{"line":108,"column":35}},"type":"if","locations":[{"start":{"line":108,"column":4},"end":{"line":108,"column":35}}]},"7":{"loc":{"start":{"line":110,"column":6},"end":{"line":111,"column":76}},"type":"binary-expr","locations":[{"start":{"line":110,"column":6},"end":{"line":110,"column":65}},{"start":{"line":111,"column":6},"end":{"line":111,"column":76}}]},"8":{"loc":{"start":{"line":111,"column":7},"end":{"line":111,"column":26}},"type":"binary-expr","locations":[{"start":{"line":111,"column":7},"end":{"line":111,"column":20}},{"start":{"line":111,"column":24},"end":{"line":111,"column":26}}]},"9":{"loc":{"start":{"line":115,"column":2},"end":{"line":117,"column":3}},"type":"if","locations":[{"start":{"line":115,"column":2},"end":{"line":117,"column":3}}]},"10":{"loc":{"start":{"line":178,"column":44},"end":{"line":178,"column":67}},"type":"binary-expr","locations":[{"start":{"line":178,"column":44},"end":{"line":178,"column":57}},{"start":{"line":178,"column":61},"end":{"line":178,"column":67}}]},"11":{"loc":{"start":{"line":191,"column":15},"end":{"line":191,"column":43}},"type":"cond-expr","locations":[{"start":{"line":191,"column":30},"end":{"line":191,"column":35}},{"start":{"line":191,"column":38},"end":{"line":191,"column":43}}]}},"s":{"0":1,"1":1,"2":1,"3":1,"4":1,"5":1,"6":1,"7":1,"8":34,"9":34,"10":34,"11":33,"12":71,"13":33,"14":33,"15":33,"16":33,"17":33,"18":15,"19":15,"20":33,"21":6,"22":6,"23":6,"24":33,"25":0,"26":0,"27":0,"28":33,"29":0,"30":0,"31":0,"32":0,"33":0,"34":33,"35":4,"36":4,"37":4,"38":4,"39":8,"40":4,"41":0,"42":0,"43":4,"44":0,"45":0,"46":4,"47":4,"48":4,"49":4,"50":4,"51":0,"52":33,"53":1,"54":33,"55":32,"56":0,"57":32,"58":72,"59":33,"60":1,"61":32,"62":2,"63":70,"64":0,"65":0,"66":0,"67":1,"68":1,"69":1,"70":1,"71":1},"f":{"0":34,"1":71,"2":15,"3":6,"4":0,"5":0,"6":0,"7":4,"8":8,"9":1,"10":32,"11":72,"12":2,"13":70,"14":0,"15":0,"16":0,"17":1,"18":1},"b":{"0":[15],"1":[0],"2":[4],"3":[8,0],"4":[0],"5":[0,4],"6":[0],"7":[72,3],"8":[3,0],"9":[1],"10":[70,0],"11":[0,32]}}
,"/Users/zhongjiafeng/Desktop/5000_Project/ai-project/db-modeler/db-modeler-react/src/services/storage.ts": {"path":"/Users/zhongjiafeng/Desktop/5000_Project/ai-project/db-modeler/db-modeler-react/src/services/storage.ts","statementMap":{"0":{"start":{"line":3,"column":20},"end":{"line":3,"column":41}},"1":{"start":{"line":5,"column":28},"end":{"line":13,"column":1}},"2":{"start":{"line":6,"column":2},"end":{"line":12,"column":3}},"3":{"start":{"line":7,"column":17},"end":{"line":7,"column":50}},"4":{"start":{"line":8,"column":4},"end":{"line":8,"column":40}},"5":{"start":{"line":10,"column":4},"end":{"line":10,"column":38}},"6":{"start":{"line":11,"column":4},"end":{"line":11,"column":14}},"7":{"start":{"line":5,"column":13},"end":{"line":5,"column":28}},"8":{"start":{"line":15,"column":28},"end":{"line":21,"column":1}},"9":{"start":{"line":16,"column":2},"end":{"line":20,"column":3}},"10":{"start":{"line":17,"column":4},"end":{"line":17,"column":64}},"11":{"start":{"line":19,"column":4},"end":{"line":19,"column":38}},"12":{"start":{"line":15,"column":13},"end":{"line":15,"column":28}},"13":{"start":{"line":23,"column":29},"end":{"line":37,"column":1}},"14":{"start":{"line":24,"column":2},"end":{"line":36,"column":3}},"15":{"start":{"line":25,"column":20},"end":{"line":25,"column":52}},"16":{"start":{"line":26,"column":20},"end":{"line":26,"column":88}},"17":{"start":{"line":27,"column":27},"end":{"line":27,"column":77}},"18":{"start":{"line":29,"column":24},"end":{"line":29,"column":51}},"19":{"start":{"line":30,"column":4},"end":{"line":30,"column":46}},"20":{"start":{"line":31,"column":4},"end":{"line":31,"column":57}},"21":{"start":{"line":32,"column":4},"end":{"line":32,"column":24}},"22":{"start":{"line":34,"column":4},"end":{"line":34,"column":36}},"23":{"start":{"line":35,"column":4},"end":{"line":35,"column":30}},"24":{"start":{"line":23,"column":13},"end":{"line":23,"column":29}},"25":{"start":{"line":39,"column":29},"end":{"line":62,"column":1}},"26":{"start":{"line":40,"column":2},"end":{"line":61,"column":5}},"27":{"start":{"line":41,"column":19},"end":{"line":41,"column":35}},"28":{"start":{"line":43,"column":4},"end":{"line":57,"column":6}},"29":{"start":{"line":44,"column":6},"end":{"line":56,"column":7}},"30":{"start":{"line":45,"column":24},"end":{"line":45,"column":50}},"31":{"start":{"line":46,"column":33},"end":{"line":46,"column":52}},"32":{"start":{"line":49,"column":8},"end":{"line":51,"column":9}},"33":{"start":{"line":50,"column":10},"end":{"line":50,"column":39}},"34":{"start":{"line":53,"column":8},"end":{"line":53,"column":25}},"35":{"start":{"line":55,"column":8},"end":{"line":55,"column":38}},"36":{"start":{"line":59,"column":4},"end":{"line":59,"column":55}},"37":{"start":{"line":59,"column":27},"end":{"line":59,"column":54}},"38":{"start":{"line":60,"column":4},"end":{"line":60,"column":28}},"39":{"start":{"line":39,"column":13},"end":{"line":39,"column":29}}},"fnMap":{"0":{"name":"(anonymous_0)","decl":{"start":{"line":5,"column":28},"end":{"line":5,"column":42}},"loc":{"start":{"line":5,"column":44},"end":{"line":13,"column":1}}},"1":{"name":"(anonymous_1)","decl":{"start":{"line":15,"column":28},"end":{"line":15,"column":29}},"loc":{"start":{"line":15,"column":58},"end":{"line":21,"column":1}}},"2":{"name":"(anonymous_2)","decl":{"start":{"line":23,"column":29},"end":{"line":23,"column":30}},"loc":{"start":{"line":23,"column":56},"end":{"line":37,"column":1}}},"3":{"name":"(anonymous_3)","decl":{"start":{"line":39,"column":29},"end":{"line":39,"column":30}},"loc":{"start":{"line":39,"column":62},"end":{"line":62,"column":1}}},"4":{"name":"(anonymous_4)","decl":{"start":{"line":40,"column":21},"end":{"line":40,"column":22}},"loc":{"start":{"line":40,"column":41},"end":{"line":61,"column":3}}},"5":{"name":"(anonymous_5)","decl":{"start":{"line":43,"column":20},"end":{"line":43,"column":21}},"loc":{"start":{"line":43,"column":26},"end":{"line":57,"column":5}}},"6":{"name":"(anonymous_6)","decl":{"start":{"line":59,"column":21},"end":{"line":59,"column":24}},"loc":{"start":{"line":59,"column":27},"end":{"line":59,"column":54}}}},"branchMap":{"0":{"loc":{"start":{"line":8,"column":11},"end":{"line":8,"column":39}},"type":"cond-expr","locations":[{"start":{"line":8,"column":18},"end":{"line":8,"column":34}},{"start":{"line":8,"column":37},"end":{"line":8,"column":39}}]},"1":{"loc":{"start":{"line":49,"column":8},"end":{"line":51,"column":9}},"type":"if","locations":[{"start":{"line":49,"column":8},"end":{"line":51,"column":9}}]},"2":{"loc":{"start":{"line":49,"column":12},"end":{"line":49,"column":74}},"type":"binary-expr","locations":[{"start":{"line":49,"column":12},"end":{"line":49,"column":23}},{"start":{"line":49,"column":27},"end":{"line":49,"column":40}},{"start":{"line":49,"column":44},"end":{"line":49,"column":74}}]}},"s":{"0":1,"1":1,"2":15,"3":15,"4":15,"5":0,"6":0,"7":1,"8":1,"9":0,"10":0,"11":0,"12":1,"13":1,"14":0,"15":0,"16":0,"17":0,"18":0,"19":0,"20":0,"21":0,"22":0,"23":0,"24":1,"25":1,"26":0,"27":0,"28":0,"29":0,"30":0,"31":0,"32":0,"33":0,"34":0,"35":0,"36":0,"37":0,"38":0,"39":1},"f":{"0":15,"1":0,"2":0,"3":0,"4":0,"5":0,"6":0},"b":{"0":[0,15],"1":[0],"2":[0,0,0]}}
,"/Users/zhongjiafeng/Desktop/5000_Project/ai-project/db-modeler/db-modeler-react/src/store/projectsSlice.ts": {"path":"/Users/zhongjiafeng/Desktop/5000_Project/ai-project/db-modeler/db-modeler-react/src/store/projectsSlice.ts","statementMap":{"0":{"start":{"line":1,"column":0},"end":{"line":1,"column":74}},"1":{"start":{"line":3,"column":0},"end":{"line":3,"column":46}},"2":{"start":{"line":4,"column":0},"end":{"line":4,"column":65}},"3":{"start":{"line":13,"column":36},"end":{"line":18,"column":2}},"4":{"start":{"line":20,"column":22},"end":{"line":170,"column":2}},"5":{"start":{"line":25,"column":6},"end":{"line":25,"column":35}},"6":{"start":{"line":28,"column":6},"end":{"line":28,"column":37}},"7":{"start":{"line":31,"column":6},"end":{"line":31,"column":35}},"8":{"start":{"line":34,"column":24},"end":{"line":34,"column":48}},"9":{"start":{"line":35,"column":34},"end":{"line":41,"column":8}},"10":{"start":{"line":42,"column":6},"end":{"line":42,"column":35}},"11":{"start":{"line":45,"column":27},"end":{"line":45,"column":41}},"12":{"start":{"line":46,"column":22},"end":{"line":46,"column":56}},"13":{"start":{"line":46,"column":44},"end":{"line":46,"column":55}},"14":{"start":{"line":47,"column":6},"end":{"line":52,"column":7}},"15":{"start":{"line":48,"column":8},"end":{"line":51,"column":11}},"16":{"start":{"line":55,"column":6},"end":{"line":55,"column":81}},"17":{"start":{"line":55,"column":50},"end":{"line":55,"column":79}},"18":{"start":{"line":56,"column":6},"end":{"line":58,"column":7}},"19":{"start":{"line":57,"column":8},"end":{"line":57,"column":36}},"20":{"start":{"line":61,"column":6},"end":{"line":61,"column":84}},"21":{"start":{"line":61,"column":51},"end":{"line":61,"column":74}},"22":{"start":{"line":64,"column":22},"end":{"line":64,"column":78}},"23":{"start":{"line":64,"column":44},"end":{"line":64,"column":77}},"24":{"start":{"line":65,"column":6},"end":{"line":76,"column":7}},"25":{"start":{"line":66,"column":26},"end":{"line":66,"column":50}},"26":{"start":{"line":67,"column":8},"end":{"line":74,"column":11}},"27":{"start":{"line":75,"column":8},"end":{"line":75,"column":38}},"28":{"start":{"line":79,"column":43},"end":{"line":79,"column":57}},"29":{"start":{"line":80,"column":22},"end":{"line":80,"column":63}},"30":{"start":{"line":80,"column":44},"end":{"line":80,"column":62}},"31":{"start":{"line":81,"column":6},"end":{"line":90,"column":7}},"32":{"start":{"line":82,"column":22},"end":{"line":82,"column":64}},"33":{"start":{"line":82,"column":47},"end":{"line":82,"column":63}},"34":{"start":{"line":83,"column":8},"end":{"line":89,"column":9}},"35":{"start":{"line":84,"column":10},"end":{"line":87,"column":13}},"36":{"start":{"line":88,"column":10},"end":{"line":88,"column":55}},"37":{"start":{"line":93,"column":37},"end":{"line":93,"column":51}},"38":{"start":{"line":94,"column":22},"end":{"line":94,"column":63}},"39":{"start":{"line":94,"column":44},"end":{"line":94,"column":62}},"40":{"start":{"line":95,"column":6},"end":{"line":98,"column":7}},"41":{"start":{"line":96,"column":8},"end":{"line":96,"column":78}},"42":{"start":{"line":96,"column":56},"end":{"line":96,"column":76}},"43":{"start":{"line":97,"column":8},"end":{"line":97,"column":53}},"44":{"start":{"line":105,"column":44},"end":{"line":105,"column":58}},"45":{"start":{"line":106,"column":22},"end":{"line":106,"column":63}},"46":{"start":{"line":106,"column":44},"end":{"line":106,"column":62}},"47":{"start":{"line":107,"column":6},"end":{"line":117,"column":7}},"48":{"start":{"line":108,"column":22},"end":{"line":108,"column":64}},"49":{"start":{"line":108,"column":47},"end":{"line":108,"column":63}},"50":{"start":{"line":109,"column":8},"end":{"line":116,"column":9}},"51":{"start":{"line":110,"column":10},"end":{"line":113,"column":13}},"52":{"start":{"line":114,"column":10},"end":{"line":114,"column":55}},"53":{"start":{"line":115,"column":10},"end":{"line":115,"column":53}},"54":{"start":{"line":125,"column":53},"end":{"line":125,"column":67}},"55":{"start":{"line":126,"column":22},"end":{"line":126,"column":63}},"56":{"start":{"line":126,"column":44},"end":{"line":126,"column":62}},"57":{"start":{"line":127,"column":6},"end":{"line":137,"column":7}},"58":{"start":{"line":128,"column":22},"end":{"line":128,"column":64}},"59":{"start":{"line":128,"column":47},"end":{"line":128,"column":63}},"60":{"start":{"line":129,"column":8},"end":{"line":136,"column":9}},"61":{"start":{"line":130,"column":32},"end":{"line":130,"column":72}},"62":{"start":{"line":130,"column":55},"end":{"line":130,"column":71}},"63":{"start":{"line":131,"column":10},"end":{"line":135,"column":11}},"64":{"start":{"line":132,"column":12},"end":{"line":132,"column":48}},"65":{"start":{"line":133,"column":12},"end":{"line":133,"column":57}},"66":{"start":{"line":134,"column":12},"end":{"line":134,"column":55}},"67":{"start":{"line":144,"column":46},"end":{"line":144,"column":60}},"68":{"start":{"line":145,"column":22},"end":{"line":145,"column":63}},"69":{"start":{"line":145,"column":44},"end":{"line":145,"column":62}},"70":{"start":{"line":146,"column":6},"end":{"line":153,"column":7}},"71":{"start":{"line":147,"column":22},"end":{"line":147,"column":64}},"72":{"start":{"line":147,"column":47},"end":{"line":147,"column":63}},"73":{"start":{"line":148,"column":8},"end":{"line":152,"column":9}},"74":{"start":{"line":149,"column":10},"end":{"line":149,"column":68}},"75":{"start":{"line":149,"column":50},"end":{"line":149,"column":66}},"76":{"start":{"line":150,"column":10},"end":{"line":150,"column":55}},"77":{"start":{"line":151,"column":10},"end":{"line":151,"column":53}},"78":{"start":{"line":156,"column":30},"end":{"line":156,"column":79}},"79":{"start":{"line":156,"column":52},"end":{"line":156,"column":78}},"80":{"start":{"line":157,"column":6},"end":{"line":167,"column":7}},"81":{"start":{"line":158,"column":8},"end":{"line":161,"column":11}},"82":{"start":{"line":163,"column":8},"end":{"line":166,"column":11}},"83":{"start":{"line":179,"column":2},"end":{"line":196,"column":1}},"84":{"start":{"line":179,"column":13},"end":{"line":196,"column":1}},"85":{"start":{"line":179,"column":23},"end":{"line":196,"column":1}},"86":{"start":{"line":180,"column":17},"end":{"line":180,"column":29}},"87":{"start":{"line":183,"column":2},"end":{"line":193,"column":3}},"88":{"start":{"line":184,"column":23},"end":{"line":184,"column":44}},"89":{"start":{"line":185,"column":4},"end":{"line":192,"column":5}},"90":{"start":{"line":190,"column":20},"end":{"line":190,"column":36}},"91":{"start":{"line":191,"column":6},"end":{"line":191,"column":41}},"92":{"start":{"line":195,"column":2},"end":{"line":195,"column":16}},"93":{"start":{"line":178,"column":13},"end":{"line":178,"column":null}},"94":{"start":{"line":198,"column":13},"end":{"line":212,"column":null}},"95":{"start":{"line":215,"column":0},"end":{"line":215,"column":37}}},"fnMap":{"0":{"name":"(anonymous_0)","decl":{"start":{"line":24,"column":21},"end":{"line":24,"column":22}},"loc":{"start":{"line":24,"column":31},"end":{"line":26,"column":5}}},"1":{"name":"(anonymous_1)","decl":{"start":{"line":27,"column":16},"end":{"line":27,"column":17}},"loc":{"start":{"line":27,"column":58},"end":{"line":29,"column":5}}},"2":{"name":"(anonymous_2)","decl":{"start":{"line":30,"column":14},"end":{"line":30,"column":15}},"loc":{"start":{"line":30,"column":62},"end":{"line":32,"column":5}}},"3":{"name":"(anonymous_3)","decl":{"start":{"line":33,"column":16},"end":{"line":33,"column":17}},"loc":{"start":{"line":33,"column":109},"end":{"line":43,"column":5}}},"4":{"name":"(anonymous_4)","decl":{"start":{"line":44,"column":19},"end":{"line":44,"column":20}},"loc":{"start":{"line":44,"column":92},"end":{"line":53,"column":5}}},"5":{"name":"(anonymous_5)","decl":{"start":{"line":46,"column":39},"end":{"line":46,"column":40}},"loc":{"start":{"line":46,"column":44},"end":{"line":46,"column":55}}},"6":{"name":"(anonymous_6)","decl":{"start":{"line":54,"column":19},"end":{"line":54,"column":20}},"loc":{"start":{"line":54,"column":60},"end":{"line":59,"column":5}}},"7":{"name":"(anonymous_7)","decl":{"start":{"line":55,"column":39},"end":{"line":55,"column":46}},"loc":{"start":{"line":55,"column":50},"end":{"line":55,"column":79}}},"8":{"name":"(anonymous_8)","decl":{"start":{"line":60,"column":23},"end":{"line":60,"column":24}},"loc":{"start":{"line":60,"column":64},"end":{"line":62,"column":5}}},"9":{"name":"(anonymous_9)","decl":{"start":{"line":61,"column":46},"end":{"line":61,"column":47}},"loc":{"start":{"line":61,"column":51},"end":{"line":61,"column":74}}},"10":{"name":"(anonymous_10)","decl":{"start":{"line":63,"column":14},"end":{"line":63,"column":15}},"loc":{"start":{"line":63,"column":102},"end":{"line":77,"column":5}}},"11":{"name":"(anonymous_11)","decl":{"start":{"line":64,"column":39},"end":{"line":64,"column":40}},"loc":{"start":{"line":64,"column":44},"end":{"line":64,"column":77}}},"12":{"name":"(anonymous_12)","decl":{"start":{"line":78,"column":17},"end":{"line":78,"column":18}},"loc":{"start":{"line":78,"column":137},"end":{"line":91,"column":5}}},"13":{"name":"(anonymous_13)","decl":{"start":{"line":80,"column":39},"end":{"line":80,"column":40}},"loc":{"start":{"line":80,"column":44},"end":{"line":80,"column":62}}},"14":{"name":"(anonymous_14)","decl":{"start":{"line":82,"column":42},"end":{"line":82,"column":43}},"loc":{"start":{"line":82,"column":47},"end":{"line":82,"column":63}}},"15":{"name":"(anonymous_15)","decl":{"start":{"line":92,"column":17},"end":{"line":92,"column":18}},"loc":{"start":{"line":92,"column":90},"end":{"line":99,"column":5}}},"16":{"name":"(anonymous_16)","decl":{"start":{"line":94,"column":39},"end":{"line":94,"column":40}},"loc":{"start":{"line":94,"column":44},"end":{"line":94,"column":62}}},"17":{"name":"(anonymous_17)","decl":{"start":{"line":96,"column":47},"end":{"line":96,"column":52}},"loc":{"start":{"line":96,"column":56},"end":{"line":96,"column":76}}},"18":{"name":"(anonymous_18)","decl":{"start":{"line":100,"column":14},"end":{"line":100,"column":15}},"loc":{"start":{"line":104,"column":10},"end":{"line":118,"column":5}}},"19":{"name":"(anonymous_19)","decl":{"start":{"line":106,"column":39},"end":{"line":106,"column":40}},"loc":{"start":{"line":106,"column":44},"end":{"line":106,"column":62}}},"20":{"name":"(anonymous_20)","decl":{"start":{"line":108,"column":42},"end":{"line":108,"column":43}},"loc":{"start":{"line":108,"column":47},"end":{"line":108,"column":63}}},"21":{"name":"(anonymous_21)","decl":{"start":{"line":119,"column":17},"end":{"line":119,"column":18}},"loc":{"start":{"line":124,"column":10},"end":{"line":138,"column":5}}},"22":{"name":"(anonymous_22)","decl":{"start":{"line":126,"column":39},"end":{"line":126,"column":40}},"loc":{"start":{"line":126,"column":44},"end":{"line":126,"column":62}}},"23":{"name":"(anonymous_23)","decl":{"start":{"line":128,"column":42},"end":{"line":128,"column":43}},"loc":{"start":{"line":128,"column":47},"end":{"line":128,"column":63}}},"24":{"name":"(anonymous_24)","decl":{"start":{"line":130,"column":50},"end":{"line":130,"column":51}},"loc":{"start":{"line":130,"column":55},"end":{"line":130,"column":71}}},"25":{"name":"(anonymous_25)","decl":{"start":{"line":139,"column":17},"end":{"line":139,"column":18}},"loc":{"start":{"line":143,"column":10},"end":{"line":154,"column":5}}},"26":{"name":"(anonymous_26)","decl":{"start":{"line":145,"column":39},"end":{"line":145,"column":40}},"loc":{"start":{"line":145,"column":44},"end":{"line":145,"column":62}}},"27":{"name":"(anonymous_27)","decl":{"start":{"line":147,"column":42},"end":{"line":147,"column":43}},"loc":{"start":{"line":147,"column":47},"end":{"line":147,"column":63}}},"28":{"name":"(anonymous_28)","decl":{"start":{"line":149,"column":45},"end":{"line":149,"column":46}},"loc":{"start":{"line":149,"column":50},"end":{"line":149,"column":66}}},"29":{"name":"(anonymous_29)","decl":{"start":{"line":155,"column":19},"end":{"line":155,"column":20}},"loc":{"start":{"line":155,"column":61},"end":{"line":168,"column":5}}},"30":{"name":"(anonymous_30)","decl":{"start":{"line":156,"column":47},"end":{"line":156,"column":48}},"loc":{"start":{"line":156,"column":52},"end":{"line":156,"column":78}}},"31":{"name":"(anonymous_31)","decl":{"start":{"line":179,"column":2},"end":{"line":179,"column":3}},"loc":{"start":{"line":179,"column":13},"end":{"line":196,"column":1}}},"32":{"name":"(anonymous_32)","decl":{"start":{"line":179,"column":13},"end":{"line":179,"column":14}},"loc":{"start":{"line":179,"column":23},"end":{"line":196,"column":1}}},"33":{"name":"(anonymous_33)","decl":{"start":{"line":179,"column":23},"end":{"line":179,"column":24}},"loc":{"start":{"line":179,"column":34},"end":{"line":196,"column":1}}}},"branchMap":{"0":{"loc":{"start":{"line":47,"column":6},"end":{"line":52,"column":7}},"type":"if","locations":[{"start":{"line":47,"column":6},"end":{"line":52,"column":7}}]},"1":{"loc":{"start":{"line":56,"column":6},"end":{"line":58,"column":7}},"type":"if","locations":[{"start":{"line":56,"column":6},"end":{"line":58,"column":7}}]},"2":{"loc":{"start":{"line":61,"column":29},"end":{"line":61,"column":83}},"type":"binary-expr","locations":[{"start":{"line":61,"column":29},"end":{"line":61,"column":75}},{"start":{"line":61,"column":79},"end":{"line":61,"column":83}}]},"3":{"loc":{"start":{"line":65,"column":6},"end":{"line":76,"column":7}},"type":"if","locations":[{"start":{"line":65,"column":6},"end":{"line":76,"column":7}}]},"4":{"loc":{"start":{"line":81,"column":6},"end":{"line":90,"column":7}},"type":"if","locations":[{"start":{"line":81,"column":6},"end":{"line":90,"column":7}}]},"5":{"loc":{"start":{"line":83,"column":8},"end":{"line":89,"column":9}},"type":"if","locations":[{"start":{"line":83,"column":8},"end":{"line":89,"column":9}}]},"6":{"loc":{"start":{"line":95,"column":6},"end":{"line":98,"column":7}},"type":"if","locations":[{"start":{"line":95,"column":6},"end":{"line":98,"column":7}}]},"7":{"loc":{"start":{"line":107,"column":6},"end":{"line":117,"column":7}},"type":"if","locations":[{"start":{"line":107,"column":6},"end":{"line":117,"column":7}}]},"8":{"loc":{"start":{"line":109,"column":8},"end":{"line":116,"column":9}},"type":"if","locations":[{"start":{"line":109,"column":8},"end":{"line":116,"column":9}}]},"9":{"loc":{"start":{"line":127,"column":6},"end":{"line":137,"column":7}},"type":"if","locations":[{"start":{"line":127,"column":6},"end":{"line":137,"column":7}}]},"10":{"loc":{"start":{"line":129,"column":8},"end":{"line":136,"column":9}},"type":"if","locations":[{"start":{"line":129,"column":8},"end":{"line":136,"column":9}}]},"11":{"loc":{"start":{"line":131,"column":10},"end":{"line":135,"column":11}},"type":"if","locations":[{"start":{"line":131,"column":10},"end":{"line":135,"column":11}}]},"12":{"loc":{"start":{"line":146,"column":6},"end":{"line":153,"column":7}},"type":"if","locations":[{"start":{"line":146,"column":6},"end":{"line":153,"column":7}}]},"13":{"loc":{"start":{"line":148,"column":8},"end":{"line":152,"column":9}},"type":"if","locations":[{"start":{"line":148,"column":8},"end":{"line":152,"column":9}}]},"14":{"loc":{"start":{"line":157,"column":6},"end":{"line":167,"column":7}},"type":"if","locations":[{"start":{"line":157,"column":6},"end":{"line":167,"column":7}},{"start":{"line":162,"column":13},"end":{"line":167,"column":7}}]},"15":{"loc":{"start":{"line":183,"column":2},"end":{"line":193,"column":3}},"type":"if","locations":[{"start":{"line":183,"column":2},"end":{"line":193,"column":3}}]},"16":{"loc":{"start":{"line":183,"column":6},"end":{"line":183,"column":71}},"type":"binary-expr","locations":[{"start":{"line":183,"column":6},"end":{"line":183,"column":32}},{"start":{"line":183,"column":36},"end":{"line":183,"column":51}},{"start":{"line":183,"column":55},"end":{"line":183,"column":71}}]},"17":{"loc":{"start":{"line":185,"column":4},"end":{"line":192,"column":5}},"type":"if","locations":[{"start":{"line":185,"column":4},"end":{"line":192,"column":5}}]},"18":{"loc":{"start":{"line":185,"column":8},"end":{"line":189,"column":49}},"type":"binary-expr","locations":[{"start":{"line":185,"column":8},"end":{"line":185,"column":42}},{"start":{"line":186,"column":8},"end":{"line":186,"column":44}},{"start":{"line":187,"column":8},"end":{"line":187,"column":42}},{"start":{"line":188,"column":8},"end":{"line":188,"column":51}},{"start":{"line":189,"column":8},"end":{"line":189,"column":49}}]}},"s":{"0":1,"1":1,"2":1,"3":1,"4":1,"5":15,"6":0,"7":0,"8":0,"9":0,"10":0,"11":0,"12":0,"13":0,"14":0,"15":0,"16":0,"17":0,"18":0,"19":0,"20":35,"21":35,"22":4,"23":4,"24":4,"25":4,"26":4,"27":4,"28":0,"29":0,"30":0,"31":0,"32":0,"33":0,"34":0,"35":0,"36":0,"37":0,"38":0,"39":0,"40":0,"41":0,"42":0,"43":0,"44":0,"45":0,"46":0,"47":0,"48":0,"49":0,"50":0,"51":0,"52":0,"53":0,"54":0,"55":0,"56":0,"57":0,"58":0,"59":0,"60":0,"61":0,"62":0,"63":0,"64":0,"65":0,"66":0,"67":0,"68":0,"69":0,"70":0,"71":0,"72":0,"73":0,"74":0,"75":0,"76":0,"77":0,"78":15,"79":0,"80":15,"81":0,"82":15,"83":1,"84":0,"85":0,"86":0,"87":0,"88":0,"89":0,"90":0,"91":0,"92":0,"93":1,"94":1,"95":1},"f":{"0":15,"1":0,"2":0,"3":0,"4":0,"5":0,"6":0,"7":0,"8":35,"9":35,"10":4,"11":4,"12":0,"13":0,"14":0,"15":0,"16":0,"17":0,"18":0,"19":0,"20":0,"21":0,"22":0,"23":0,"24":0,"25":0,"26":0,"27":0,"28":0,"29":15,"30":0,"31":0,"32":0,"33":0},"b":{"0":[0],"1":[0],"2":[35,1],"3":[4],"4":[0],"5":[0],"6":[0],"7":[0],"8":[0],"9":[0],"10":[0],"11":[0],"12":[0],"13":[0],"14":[0,15],"15":[0],"16":[0,0,0],"17":[0],"18":[0,0,0,0,0]}}
,"/Users/zhongjiafeng/Desktop/5000_Project/ai-project/db-modeler/db-modeler-react/src/utils/helpers.ts": {"path":"/Users/zhongjiafeng/Desktop/5000_Project/ai-project/db-modeler/db-modeler-react/src/utils/helpers.ts","statementMap":{"0":{"start":{"line":1,"column":26},"end":{"line":3,"column":1}},"1":{"start":{"line":2,"column":2},"end":{"line":2,"column":75}},"2":{"start":{"line":1,"column":13},"end":{"line":1,"column":26}}},"fnMap":{"0":{"name":"(anonymous_0)","decl":{"start":{"line":1,"column":26},"end":{"line":1,"column":37}},"loc":{"start":{"line":1,"column":39},"end":{"line":3,"column":1}}}},"branchMap":{},"s":{"0":1,"1":4,"2":1},"f":{"0":4},"b":{}}
}
