TN:
SF:src/components/ProjectDetail/index.tsx
FN:13,(anonymous_0)
FN:17,(anonymous_1)
FN:23,(anonymous_2)
FN:29,(anonymous_3)
FN:35,(anonymous_4)
FN:44,(anonymous_5)
FN:50,(anonymous_6)
FN:63,(anonymous_7)
FN:69,(anonymous_8)
FN:103,(anonymous_9)
FN:107,(anonymous_10)
FN:109,(anonymous_11)
FN:127,(anonymous_12)
FN:141,(anonymous_13)
FN:155,(anonymous_14)
FN:162,(anonymous_15)
FN:171,(anonymous_16)
FN:176,(anonymous_17)
FN:194,(anonymous_18)
FNF:19
FNH:13
FNDA:34,(anonymous_0)
FNDA:71,(anonymous_1)
FNDA:15,(anonymous_2)
FNDA:6,(anonymous_3)
FNDA:0,(anonymous_4)
FNDA:0,(anonymous_5)
FNDA:0,(anonymous_6)
FNDA:4,(anonymous_7)
FNDA:8,(anonymous_8)
FNDA:1,(anonymous_9)
FNDA:32,(anonymous_10)
FNDA:72,(anonymous_11)
FNDA:2,(anonymous_12)
FNDA:70,(anonymous_13)
FNDA:0,(anonymous_14)
FNDA:0,(anonymous_15)
FNDA:0,(anonymous_16)
FNDA:1,(anonymous_17)
FNDA:1,(anonymous_18)
DA:1,1
DA:2,1
DA:3,1
DA:4,1
DA:5,1
DA:7,1
DA:11,1
DA:13,1
DA:14,34
DA:15,34
DA:16,34
DA:17,71
DA:18,33
DA:19,33
DA:20,33
DA:21,33
DA:23,33
DA:24,15
DA:25,15
DA:29,33
DA:30,6
DA:31,6
DA:32,6
DA:35,33
DA:36,0
DA:37,0
DA:38,0
DA:44,33
DA:45,0
DA:51,0
DA:52,0
DA:56,0
DA:57,0
DA:63,33
DA:64,4
DA:65,4
DA:66,4
DA:68,4
DA:69,8
DA:72,4
DA:73,0
DA:74,0
DA:77,4
DA:79,0
DA:84,0
DA:87,4
DA:92,4
DA:94,4
DA:95,4
DA:96,4
DA:99,0
DA:103,33
DA:104,1
DA:107,33
DA:108,32
DA:109,32
DA:110,72
DA:115,33
DA:116,1
DA:119,32
DA:127,2
DA:142,70
DA:155,0
DA:162,0
DA:171,0
DA:176,1
DA:195,1
DA:196,1
DA:197,1
DA:224,1
LF:70
LH:54
BRDA:24,0,0,15
BRDA:51,1,0,0
BRDA:66,2,0,4
BRDA:69,3,0,8
BRDA:69,3,1,0
BRDA:72,4,0,0
BRDA:77,5,0,0
BRDA:77,5,1,4
BRDA:108,6,0,0
BRDA:110,7,0,72
BRDA:110,7,1,3
BRDA:111,8,0,3
BRDA:111,8,1,0
BRDA:115,9,0,1
BRDA:178,10,0,70
BRDA:178,10,1,0
BRDA:191,11,0,0
BRDA:191,11,1,32
BRF:18
BRH:10
end_of_record
TN:
SF:src/services/storage.ts
FN:5,(anonymous_0)
FN:15,(anonymous_1)
FN:23,(anonymous_2)
FN:39,(anonymous_3)
FN:40,(anonymous_4)
FN:43,(anonymous_5)
FN:59,(anonymous_6)
FNF:7
FNH:1
FNDA:15,(anonymous_0)
FNDA:0,(anonymous_1)
FNDA:0,(anonymous_2)
FNDA:0,(anonymous_3)
FNDA:0,(anonymous_4)
FNDA:0,(anonymous_5)
FNDA:0,(anonymous_6)
DA:3,1
DA:5,1
DA:6,15
DA:7,15
DA:8,15
DA:10,0
DA:11,0
DA:15,1
DA:16,0
DA:17,0
DA:19,0
DA:23,1
DA:24,0
DA:25,0
DA:26,0
DA:27,0
DA:29,0
DA:30,0
DA:31,0
DA:32,0
DA:34,0
DA:35,0
DA:39,1
DA:40,0
DA:41,0
DA:43,0
DA:44,0
DA:45,0
DA:46,0
DA:49,0
DA:50,0
DA:53,0
DA:55,0
DA:59,0
DA:60,0
LF:35
LH:8
BRDA:8,0,0,0
BRDA:8,0,1,15
BRDA:49,1,0,0
BRDA:49,2,0,0
BRDA:49,2,1,0
BRDA:49,2,2,0
BRF:6
BRH:1
end_of_record
TN:
SF:src/store/projectsSlice.ts
FN:24,(anonymous_0)
FN:27,(anonymous_1)
FN:30,(anonymous_2)
FN:33,(anonymous_3)
FN:44,(anonymous_4)
FN:46,(anonymous_5)
FN:54,(anonymous_6)
FN:55,(anonymous_7)
FN:60,(anonymous_8)
FN:61,(anonymous_9)
FN:63,(anonymous_10)
FN:64,(anonymous_11)
FN:78,(anonymous_12)
FN:80,(anonymous_13)
FN:82,(anonymous_14)
FN:92,(anonymous_15)
FN:94,(anonymous_16)
FN:96,(anonymous_17)
FN:100,(anonymous_18)
FN:106,(anonymous_19)
FN:108,(anonymous_20)
FN:119,(anonymous_21)
FN:126,(anonymous_22)
FN:128,(anonymous_23)
FN:130,(anonymous_24)
FN:139,(anonymous_25)
FN:145,(anonymous_26)
FN:147,(anonymous_27)
FN:149,(anonymous_28)
FN:155,(anonymous_29)
FN:156,(anonymous_30)
FN:179,(anonymous_31)
FN:179,(anonymous_32)
FN:179,(anonymous_33)
FNF:34
FNH:6
FNDA:15,(anonymous_0)
FNDA:0,(anonymous_1)
FNDA:0,(anonymous_2)
FNDA:0,(anonymous_3)
FNDA:0,(anonymous_4)
FNDA:0,(anonymous_5)
FNDA:0,(anonymous_6)
FNDA:0,(anonymous_7)
FNDA:35,(anonymous_8)
FNDA:35,(anonymous_9)
FNDA:4,(anonymous_10)
FNDA:4,(anonymous_11)
FNDA:0,(anonymous_12)
FNDA:0,(anonymous_13)
FNDA:0,(anonymous_14)
FNDA:0,(anonymous_15)
FNDA:0,(anonymous_16)
FNDA:0,(anonymous_17)
FNDA:0,(anonymous_18)
FNDA:0,(anonymous_19)
FNDA:0,(anonymous_20)
FNDA:0,(anonymous_21)
FNDA:0,(anonymous_22)
FNDA:0,(anonymous_23)
FNDA:0,(anonymous_24)
FNDA:0,(anonymous_25)
FNDA:0,(anonymous_26)
FNDA:0,(anonymous_27)
FNDA:0,(anonymous_28)
FNDA:15,(anonymous_29)
FNDA:0,(anonymous_30)
FNDA:0,(anonymous_31)
FNDA:0,(anonymous_32)
FNDA:0,(anonymous_33)
DA:1,1
DA:3,1
DA:4,1
DA:13,1
DA:20,1
DA:25,15
DA:28,0
DA:31,0
DA:34,0
DA:35,0
DA:42,0
DA:45,0
DA:46,0
DA:47,0
DA:48,0
DA:55,0
DA:56,0
DA:57,0
DA:61,35
DA:64,4
DA:65,4
DA:66,4
DA:67,4
DA:75,4
DA:79,0
DA:80,0
DA:81,0
DA:82,0
DA:83,0
DA:84,0
DA:88,0
DA:93,0
DA:94,0
DA:95,0
DA:96,0
DA:97,0
DA:105,0
DA:106,0
DA:107,0
DA:108,0
DA:109,0
DA:110,0
DA:114,0
DA:115,0
DA:125,0
DA:126,0
DA:127,0
DA:128,0
DA:129,0
DA:130,0
DA:131,0
DA:132,0
DA:133,0
DA:134,0
DA:144,0
DA:145,0
DA:146,0
DA:147,0
DA:148,0
DA:149,0
DA:150,0
DA:151,0
DA:156,15
DA:157,15
DA:158,0
DA:163,15
DA:178,1
DA:179,1
DA:180,0
DA:183,0
DA:184,0
DA:185,0
DA:190,0
DA:191,0
DA:195,0
DA:198,1
DA:215,1
LF:77
LH:19
BRDA:47,0,0,0
BRDA:56,1,0,0
BRDA:61,2,0,35
BRDA:61,2,1,1
BRDA:65,3,0,4
BRDA:81,4,0,0
BRDA:83,5,0,0
BRDA:95,6,0,0
BRDA:107,7,0,0
BRDA:109,8,0,0
BRDA:127,9,0,0
BRDA:129,10,0,0
BRDA:131,11,0,0
BRDA:146,12,0,0
BRDA:148,13,0,0
BRDA:157,14,0,0
BRDA:157,14,1,15
BRDA:183,15,0,0
BRDA:183,16,0,0
BRDA:183,16,1,0
BRDA:183,16,2,0
BRDA:185,17,0,0
BRDA:185,18,0,0
BRDA:185,18,1,0
BRDA:185,18,2,0
BRDA:185,18,3,0
BRDA:185,18,4,0
BRF:27
BRH:4
end_of_record
TN:
SF:src/utils/helpers.ts
FN:1,(anonymous_0)
FNF:1
FNH:1
FNDA:4,(anonymous_0)
DA:1,1
DA:2,4
LF:2
LH:2
BRF:0
BRH:0
end_of_record
