TN:
SF:src/services/storage.ts
FN:9,(anonymous_0)
FN:20,(anonymous_1)
FN:25,(anonymous_2)
FN:32,(anonymous_3)
FN:34,(anonymous_4)
FN:39,(anonymous_5)
FN:44,(anonymous_6)
FN:47,(anonymous_7)
FN:49,(anonymous_8)
FN:63,(anonymous_9)
FN:74,(anonymous_10)
FN:75,(anonymous_11)
FN:77,(anonymous_12)
FN:97,(anonymous_13)
FN:102,(anonymous_14)
FN:107,(anonymous_15)
FN:114,(anonymous_16)
FN:116,(anonymous_17)
FN:124,(anonymous_18)
FN:126,(anonymous_19)
FN:131,(anonymous_20)
FN:149,(anonymous_21)
FN:154,(anonymous_22)
FN:161,(anonymous_23)
FN:163,(anonymous_24)
FN:171,(anonymous_25)
FN:173,(anonymous_26)
FNF:27
FNH:23
FNDA:15,(anonymous_0)
FNDA:5,(anonymous_1)
FNDA:1,(anonymous_2)
FNDA:2,(anonymous_3)
FNDA:2,(anonymous_4)
FNDA:2,(anonymous_5)
FNDA:2,(anonymous_6)
FNDA:1,(anonymous_7)
FNDA:1,(anonymous_8)
FNDA:0,(anonymous_9)
FNDA:0,(anonymous_10)
FNDA:0,(anonymous_11)
FNDA:0,(anonymous_12)
FNDA:4,(anonymous_13)
FNDA:4,(anonymous_14)
FNDA:1,(anonymous_15)
FNDA:1,(anonymous_16)
FNDA:1,(anonymous_17)
FNDA:1,(anonymous_18)
FNDA:1,(anonymous_19)
FNDA:4,(anonymous_20)
FNDA:4,(anonymous_21)
FNDA:1,(anonymous_22)
FNDA:1,(anonymous_23)
FNDA:1,(anonymous_24)
FNDA:1,(anonymous_25)
FNDA:1,(anonymous_26)
DA:3,1
DA:4,1
DA:5,1
DA:6,1
DA:9,1
DA:10,15
DA:11,11
DA:12,11
DA:14,0
DA:15,0
DA:20,1
DA:21,5
DA:25,1
DA:26,1
DA:27,1
DA:28,1
DA:32,1
DA:33,2
DA:34,2
DA:35,2
DA:39,1
DA:40,2
DA:44,1
DA:45,2
DA:47,2
DA:49,1
DA:57,2
DA:59,0
DA:63,1
DA:64,0
DA:65,0
DA:66,0
DA:68,0
DA:69,0
DA:70,0
DA:71,0
DA:74,1
DA:75,0
DA:76,0
DA:77,0
DA:78,0
DA:79,0
DA:80,0
DA:81,0
DA:83,0
DA:85,0
DA:86,0
DA:88,0
DA:92,0
DA:97,1
DA:98,4
DA:102,1
DA:103,4
DA:107,1
DA:108,1
DA:109,1
DA:110,1
DA:114,1
DA:115,1
DA:116,1
DA:117,1
DA:118,1
DA:119,1
DA:124,1
DA:125,1
DA:126,1
DA:127,1
DA:131,1
DA:132,4
DA:149,1
DA:150,4
DA:154,1
DA:155,1
DA:156,1
DA:157,1
DA:161,1
DA:162,1
DA:163,1
DA:164,1
DA:165,1
DA:166,1
DA:171,1
DA:172,1
DA:173,1
DA:174,1
LF:85
LH:63
BRDA:10,0,0,4
BRDA:52,1,0,1
BRDA:52,1,1,0
BRDA:54,2,0,1
BRDA:54,2,1,0
BRDA:80,3,0,0
BRDA:80,4,0,0
BRDA:80,4,1,0
BRDA:80,4,2,0
BRDA:85,5,0,0
BRDA:85,5,1,0
BRDA:85,6,0,0
BRDA:85,6,1,0
BRDA:117,7,0,1
BRDA:164,8,0,1
BRF:15
BRH:5
end_of_record
TN:
SF:src/store/projectsSlice.ts
FN:24,(anonymous_0)
FN:30,(anonymous_1)
FN:33,(anonymous_2)
FN:35,(anonymous_3)
FN:40,(anonymous_4)
FN:42,(anonymous_5)
FN:47,(anonymous_6)
FN:49,(anonymous_7)
FN:51,(anonymous_8)
FN:53,(anonymous_9)
FN:58,(anonymous_10)
FN:60,(anonymous_11)
FN:62,(anonymous_12)
FN:76,(anonymous_13)
FN:78,(anonymous_14)
FN:80,(anonymous_15)
FN:83,(anonymous_16)
FN:85,(anonymous_17)
FN:87,(anonymous_18)
FN:93,(anonymous_19)
FN:95,(anonymous_20)
FN:97,(anonymous_21)
FN:99,(anonymous_22)
FN:106,(anonymous_23)
FN:108,(anonymous_24)
FN:110,(anonymous_25)
FN:112,(anonymous_26)
FN:116,(anonymous_27)
FN:119,(anonymous_28)
FN:122,(anonymous_29)
FN:123,(anonymous_30)
FN:129,(anonymous_31)
FN:132,(anonymous_32)
FN:139,(anonymous_33)
FN:166,(anonymous_34)
FN:166,(anonymous_35)
FN:166,(anonymous_36)
FNF:37
FNH:18
FNDA:1,(anonymous_0)
FNDA:6,(anonymous_1)
FNDA:2,(anonymous_2)
FNDA:1,(anonymous_3)
FNDA:2,(anonymous_4)
FNDA:2,(anonymous_5)
FNDA:1,(anonymous_6)
FNDA:1,(anonymous_7)
FNDA:2,(anonymous_8)
FNDA:2,(anonymous_9)
FNDA:0,(anonymous_10)
FNDA:0,(anonymous_11)
FNDA:0,(anonymous_12)
FNDA:0,(anonymous_13)
FNDA:0,(anonymous_14)
FNDA:0,(anonymous_15)
FNDA:1,(anonymous_16)
FNDA:1,(anonymous_17)
FNDA:1,(anonymous_18)
FNDA:0,(anonymous_19)
FNDA:0,(anonymous_20)
FNDA:0,(anonymous_21)
FNDA:0,(anonymous_22)
FNDA:0,(anonymous_23)
FNDA:0,(anonymous_24)
FNDA:0,(anonymous_25)
FNDA:0,(anonymous_26)
FNDA:2,(anonymous_27)
FNDA:2,(anonymous_28)
FNDA:0,(anonymous_29)
FNDA:0,(anonymous_30)
FNDA:0,(anonymous_31)
FNDA:0,(anonymous_32)
FNDA:0,(anonymous_33)
FNDA:10,(anonymous_34)
FNDA:10,(anonymous_35)
FNDA:19,(anonymous_36)
DA:1,1
DA:3,1
DA:4,1
DA:13,1
DA:20,1
DA:25,1
DA:26,1
DA:27,1
DA:28,1
DA:31,6
DA:34,2
DA:35,2
DA:36,2
DA:37,1
DA:41,2
DA:42,2
DA:43,2
DA:44,1
DA:48,1
DA:49,1
DA:52,2
DA:53,2
DA:54,2
DA:55,2
DA:59,0
DA:60,0
DA:61,0
DA:62,0
DA:63,0
DA:64,0
DA:70,0
DA:71,0
DA:77,0
DA:78,0
DA:79,0
DA:80,0
DA:84,1
DA:85,1
DA:86,1
DA:87,1
DA:88,1
DA:89,1
DA:94,0
DA:95,0
DA:96,0
DA:97,0
DA:98,0
DA:99,0
DA:100,0
DA:101,0
DA:107,0
DA:108,0
DA:109,0
DA:110,0
DA:111,0
DA:112,0
DA:117,2
DA:120,2
DA:123,0
DA:124,0
DA:125,0
DA:126,0
DA:129,0
DA:132,0
DA:138,0
DA:139,0
DA:140,0
DA:141,0
DA:144,0
DA:149,1
DA:166,10
DA:167,19
DA:168,19
DA:171,19
DA:172,19
DA:175,19
DA:178,1
LF:77
LH:40
BRDA:36,0,0,1
BRDA:43,1,0,1
BRDA:49,2,0,1
BRDA:49,2,1,0
BRDA:54,3,0,2
BRDA:61,4,0,0
BRDA:63,5,0,0
BRDA:67,6,0,0
BRDA:67,6,1,0
BRDA:70,7,0,0
BRDA:79,8,0,0
BRDA:86,9,0,1
BRDA:88,10,0,1
BRDA:96,11,0,0
BRDA:98,12,0,0
BRDA:100,13,0,0
BRDA:109,14,0,0
BRDA:111,15,0,0
BRDA:124,16,0,0
BRDA:140,17,0,0
BRDA:171,18,0,19
BRF:21
BRH:7
end_of_record
TN:
SF:src/utils/helpers.ts
FN:1,(anonymous_0)
FNF:1
FNH:1
FNDA:1003,(anonymous_0)
DA:1,2
DA:2,1003
LF:2
LH:2
BRF:0
BRH:0
end_of_record
TN:
SF:src/utils/sqlGenerator.ts
FN:15,generateSQLScript
FN:55,(anonymous_1)
FN:98,(anonymous_2)
FN:98,(anonymous_3)
FN:112,(anonymous_4)
FN:125,(anonymous_5)
FN:169,(anonymous_6)
FN:179,getFieldType
FN:232,formatDefaultValue
FNF:9
FNH:9
FNDA:8,generateSQLScript
FNDA:24,(anonymous_1)
FNDA:24,(anonymous_2)
FNDA:8,(anonymous_3)
FNDA:24,(anonymous_4)
FNDA:24,(anonymous_5)
FNDA:3,(anonymous_6)
FNDA:24,getFieldType
FNDA:8,formatDefaultValue
DA:15,1
DA:16,8
DA:19,8
DA:20,7
DA:21,7
DA:22,0
DA:24,7
DA:28,8
DA:29,7
DA:30,5
DA:31,2
DA:32,1
DA:34,1
DA:36,7
DA:40,8
DA:41,8
DA:42,7
DA:45,8
DA:46,6
DA:47,2
DA:48,1
DA:50,1
DA:52,8
DA:55,8
DA:56,24
DA:59,24
DA:60,18
DA:61,6
DA:62,3
DA:64,3
DA:68,24
DA:71,24
DA:72,24
DA:76,24
DA:77,8
DA:81,24
DA:82,7
DA:83,5
DA:84,2
DA:90,24
DA:91,15
DA:94,24
DA:98,24
DA:99,8
DA:100,6
DA:101,2
DA:102,1
DA:104,1
DA:107,8
DA:108,8
DA:112,8
DA:113,24
DA:114,8
DA:115,6
DA:116,2
DA:117,1
DA:119,1
DA:125,8
DA:126,24
DA:127,8
DA:128,6
DA:129,2
DA:131,1
DA:133,1
DA:138,8
DA:141,8
DA:142,6
DA:144,6
DA:145,5
DA:146,5
DA:149,6
DA:150,0
DA:153,6
DA:154,5
DA:156,1
DA:159,2
DA:163,8
DA:164,1
DA:165,0
DA:166,0
DA:169,1
DA:170,3
DA:171,3
DA:176,8
DA:180,24
DA:182,24
DA:183,18
DA:185,18
DA:186,6
DA:189,18
DA:190,6
DA:193,18
DA:194,0
DA:197,18
DA:198,6
DA:199,3
DA:201,1
DA:203,1
DA:205,0
DA:207,1
DA:209,0
DA:211,0
DA:215,3
DA:217,1
DA:219,1
DA:221,0
DA:223,1
DA:225,0
DA:227,0
DA:233,8
DA:234,0
DA:237,8
DA:238,8
DA:241,0
DA:242,0
DA:245,0
LF:116
LH:101
BRDA:19,0,0,7
BRDA:21,1,0,0
BRDA:28,2,0,7
BRDA:29,3,0,5
BRDA:29,3,1,2
BRDA:31,4,0,1
BRDA:31,4,1,1
BRDA:41,5,0,7
BRDA:45,6,0,6
BRDA:45,6,1,2
BRDA:47,7,0,1
BRDA:47,7,1,1
BRDA:59,8,0,18
BRDA:59,8,1,6
BRDA:61,9,0,3
BRDA:61,9,1,3
BRDA:71,10,0,24
BRDA:76,11,0,8
BRDA:76,12,0,24
BRDA:76,12,1,24
BRDA:81,13,0,7
BRDA:81,14,0,24
BRDA:81,14,1,8
BRDA:82,15,0,5
BRDA:82,15,1,2
BRDA:84,16,0,1
BRDA:90,17,0,15
BRDA:90,18,0,24
BRDA:90,18,1,21
BRDA:90,18,2,21
BRDA:99,19,0,6
BRDA:99,19,1,2
BRDA:101,20,0,1
BRDA:107,21,0,8
BRDA:113,22,0,8
BRDA:113,23,0,24
BRDA:113,23,1,8
BRDA:114,24,0,6
BRDA:114,24,1,2
BRDA:116,25,0,1
BRDA:116,25,1,1
BRDA:126,26,0,8
BRDA:126,27,0,24
BRDA:126,27,1,8
BRDA:126,27,2,8
BRDA:127,28,0,6
BRDA:127,28,1,2
BRDA:129,29,0,1
BRDA:129,29,1,1
BRDA:141,30,0,6
BRDA:141,30,1,2
BRDA:144,31,0,5
BRDA:149,32,0,0
BRDA:149,33,0,6
BRDA:149,33,1,5
BRDA:153,34,0,5
BRDA:153,34,1,1
BRDA:163,35,0,1
BRDA:163,36,0,8
BRDA:163,36,1,1
BRDA:164,37,0,0
BRDA:170,38,0,3
BRDA:182,39,0,18
BRDA:182,39,1,6
BRDA:185,40,0,6
BRDA:189,41,0,6
BRDA:193,42,0,0
BRDA:198,43,0,3
BRDA:198,43,1,3
BRDA:199,44,0,1
BRDA:199,44,1,1
BRDA:199,44,2,0
BRDA:199,44,3,1
BRDA:199,44,4,0
BRDA:199,44,5,0
BRDA:201,45,0,1
BRDA:201,45,1,0
BRDA:203,46,0,1
BRDA:203,46,1,0
BRDA:209,47,0,0
BRDA:209,47,1,0
BRDA:215,48,0,1
BRDA:215,48,1,1
BRDA:215,48,2,0
BRDA:215,48,3,1
BRDA:215,48,4,0
BRDA:215,48,5,0
BRDA:233,49,0,0
BRDA:237,50,0,8
BRDA:241,51,0,0
BRDA:241,52,0,0
BRDA:241,52,1,0
BRF:92
BRH:74
end_of_record
